1669161272.960031 client started (156054): version 3.2a, socket /tmp/tmux-1000/default, protocol 8
1669161272.960048 on Linux 5.15.0-50-generic #56-Ubuntu SMP Tue Sep 20 13:23:26 UTC 2022
1669161272.960051 using libevent 2.1.12-stable (poll); ncurses 6.3
1669161272.960060 flags are 0x18010000
1669161272.960063 socket is /tmp/tmux-1000/default
1669161272.960071 trying connect
1669161272.960104 add peer 0x557df1bb2570: 6 ((nil))
1669161272.960317 sending message 100 to peer 0x557df1bb2570 (4 bytes)
1669161272.960329 sending message 111 to peer 0x557df1bb2570 (8 bytes)
1669161272.960331 sending message 101 to peer 0x557df1bb2570 (15 bytes)
1669161272.960333 sending message 109 to peer 0x557df1bb2570 (4 bytes)
1669161272.960335 sending message 102 to peer 0x557df1bb2570 (12 bytes)
1669161272.960337 sending message 108 to peer 0x557df1bb2570 (22 bytes)
1669161272.960339 sending message 112 to peer 0x557df1bb2570 (58 bytes)
1669161272.960341 sending message 112 to peer 0x557df1bb2570 (5 bytes)
1669161272.960343 sending message 112 to peer 0x557df1bb2570 (5 bytes)
1669161272.960345 sending message 112 to peer 0x557df1bb2570 (6 bytes)
1669161272.960347 sending message 112 to peer 0x557df1bb2570 (6 bytes)
1669161272.960349 sending message 112 to peer 0x557df1bb2570 (11 bytes)
1669161272.960351 sending message 112 to peer 0x557df1bb2570 (10 bytes)
1669161272.960353 sending message 112 to peer 0x557df1bb2570 (13 bytes)
1669161272.960354 sending message 112 to peer 0x557df1bb2570 (14 bytes)
1669161272.960357 sending message 112 to peer 0x557df1bb2570 (19 bytes)
1669161272.960359 sending message 112 to peer 0x557df1bb2570 (11 bytes)
1669161272.960361 sending message 112 to peer 0x557df1bb2570 (10 bytes)
1669161272.960363 sending message 112 to peer 0x557df1bb2570 (15 bytes)
1669161272.960365 sending message 112 to peer 0x557df1bb2570 (21 bytes)
1669161272.960367 sending message 112 to peer 0x557df1bb2570 (13 bytes)
1669161272.960368 sending message 112 to peer 0x557df1bb2570 (7 bytes)
1669161272.960371 sending message 112 to peer 0x557df1bb2570 (13 bytes)
1669161272.960372 sending message 112 to peer 0x557df1bb2570 (7 bytes)
1669161272.960375 sending message 112 to peer 0x557df1bb2570 (13 bytes)
1669161272.960377 sending message 112 to peer 0x557df1bb2570 (9 bytes)
1669161272.960379 sending message 112 to peer 0x557df1bb2570 (21 bytes)
1669161272.960381 sending message 112 to peer 0x557df1bb2570 (13 bytes)
1669161272.960384 sending message 112 to peer 0x557df1bb2570 (9 bytes)
1669161272.960386 sending message 112 to peer 0x557df1bb2570 (16 bytes)
1669161272.960388 sending message 112 to peer 0x557df1bb2570 (13 bytes)
1669161272.960389 sending message 112 to peer 0x557df1bb2570 (9 bytes)
1669161272.960391 sending message 112 to peer 0x557df1bb2570 (9 bytes)
1669161272.960393 sending message 112 to peer 0x557df1bb2570 (12 bytes)
1669161272.960395 sending message 112 to peer 0x557df1bb2570 (8 bytes)
1669161272.960398 sending message 112 to peer 0x557df1bb2570 (8 bytes)
1669161272.960400 sending message 112 to peer 0x557df1bb2570 (13 bytes)
1669161272.960402 sending message 112 to peer 0x557df1bb2570 (7 bytes)
1669161272.960404 sending message 112 to peer 0x557df1bb2570 (7 bytes)
1669161272.960407 sending message 112 to peer 0x557df1bb2570 (9 bytes)
1669161272.960409 sending message 112 to peer 0x557df1bb2570 (9 bytes)
1669161272.960411 sending message 112 to peer 0x557df1bb2570 (15 bytes)
1669161272.960412 sending message 112 to peer 0x557df1bb2570 (13 bytes)
1669161272.960414 sending message 112 to peer 0x557df1bb2570 (12 bytes)
1669161272.960416 sending message 112 to peer 0x557df1bb2570 (8 bytes)
1669161272.960418 sending message 112 to peer 0x557df1bb2570 (14 bytes)
1669161272.960420 sending message 112 to peer 0x557df1bb2570 (11 bytes)
1669161272.960422 sending message 112 to peer 0x557df1bb2570 (9 bytes)
1669161272.960424 sending message 112 to peer 0x557df1bb2570 (10 bytes)
1669161272.960426 sending message 112 to peer 0x557df1bb2570 (10 bytes)
1669161272.960428 sending message 112 to peer 0x557df1bb2570 (10 bytes)
1669161272.960430 sending message 112 to peer 0x557df1bb2570 (10 bytes)
1669161272.960436 sending message 112 to peer 0x557df1bb2570 (11 bytes)
1669161272.960438 sending message 112 to peer 0x557df1bb2570 (12 bytes)
1669161272.960440 sending message 112 to peer 0x557df1bb2570 (12 bytes)
1669161272.960442 sending message 112 to peer 0x557df1bb2570 (12 bytes)
1669161272.960444 sending message 112 to peer 0x557df1bb2570 (12 bytes)
1669161272.960446 sending message 112 to peer 0x557df1bb2570 (12 bytes)
1669161272.960448 sending message 112 to peer 0x557df1bb2570 (11 bytes)
1669161272.960450 sending message 112 to peer 0x557df1bb2570 (11 bytes)
1669161272.960452 sending message 112 to peer 0x557df1bb2570 (12 bytes)
1669161272.960455 sending message 112 to peer 0x557df1bb2570 (12 bytes)
1669161272.960458 sending message 112 to peer 0x557df1bb2570 (12 bytes)
1669161272.960460 sending message 112 to peer 0x557df1bb2570 (12 bytes)
1669161272.960464 sending message 112 to peer 0x557df1bb2570 (12 bytes)
1669161272.960466 sending message 112 to peer 0x557df1bb2570 (9 bytes)
1669161272.960469 sending message 112 to peer 0x557df1bb2570 (12 bytes)
1669161272.960472 sending message 112 to peer 0x557df1bb2570 (13 bytes)
1669161272.960474 sending message 112 to peer 0x557df1bb2570 (13 bytes)
1669161272.960476 sending message 112 to peer 0x557df1bb2570 (13 bytes)
1669161272.960477 sending message 112 to peer 0x557df1bb2570 (13 bytes)
1669161272.960479 sending message 112 to peer 0x557df1bb2570 (13 bytes)
1669161272.960481 sending message 112 to peer 0x557df1bb2570 (8 bytes)
1669161272.960483 sending message 112 to peer 0x557df1bb2570 (11 bytes)
1669161272.960486 sending message 112 to peer 0x557df1bb2570 (11 bytes)
1669161272.960488 sending message 112 to peer 0x557df1bb2570 (11 bytes)
1669161272.960490 sending message 112 to peer 0x557df1bb2570 (12 bytes)
1669161272.960491 sending message 112 to peer 0x557df1bb2570 (12 bytes)
1669161272.960493 sending message 112 to peer 0x557df1bb2570 (12 bytes)
1669161272.960495 sending message 112 to peer 0x557df1bb2570 (12 bytes)
1669161272.960497 sending message 112 to peer 0x557df1bb2570 (13 bytes)
1669161272.960499 sending message 112 to peer 0x557df1bb2570 (13 bytes)
1669161272.960501 sending message 112 to peer 0x557df1bb2570 (13 bytes)
1669161272.960503 sending message 112 to peer 0x557df1bb2570 (8 bytes)
1669161272.960505 sending message 112 to peer 0x557df1bb2570 (13 bytes)
1669161272.960507 sending message 112 to peer 0x557df1bb2570 (13 bytes)
1669161272.960509 sending message 112 to peer 0x557df1bb2570 (13 bytes)
1669161272.960511 sending message 112 to peer 0x557df1bb2570 (13 bytes)
1669161272.960513 sending message 112 to peer 0x557df1bb2570 (13 bytes)
1669161272.960515 sending message 112 to peer 0x557df1bb2570 (12 bytes)
1669161272.960517 sending message 112 to peer 0x557df1bb2570 (12 bytes)
1669161272.960519 sending message 112 to peer 0x557df1bb2570 (12 bytes)
1669161272.960520 sending message 112 to peer 0x557df1bb2570 (12 bytes)
1669161272.960523 sending message 112 to peer 0x557df1bb2570 (13 bytes)
1669161272.960525 sending message 112 to peer 0x557df1bb2570 (8 bytes)
1669161272.960527 sending message 112 to peer 0x557df1bb2570 (13 bytes)
1669161272.960529 sending message 112 to peer 0x557df1bb2570 (13 bytes)
1669161272.960531 sending message 112 to peer 0x557df1bb2570 (13 bytes)
1669161272.960534 sending message 112 to peer 0x557df1bb2570 (13 bytes)
1669161272.960536 sending message 112 to peer 0x557df1bb2570 (13 bytes)
1669161272.960537 sending message 112 to peer 0x557df1bb2570 (13 bytes)
1669161272.960539 sending message 112 to peer 0x557df1bb2570 (13 bytes)
1669161272.960541 sending message 112 to peer 0x557df1bb2570 (12 bytes)
1669161272.960544 sending message 112 to peer 0x557df1bb2570 (12 bytes)
1669161272.960546 sending message 112 to peer 0x557df1bb2570 (12 bytes)
1669161272.960548 sending message 112 to peer 0x557df1bb2570 (8 bytes)
1669161272.960550 sending message 112 to peer 0x557df1bb2570 (12 bytes)
1669161272.960552 sending message 112 to peer 0x557df1bb2570 (13 bytes)
1669161272.960554 sending message 112 to peer 0x557df1bb2570 (13 bytes)
1669161272.960558 sending message 112 to peer 0x557df1bb2570 (13 bytes)
1669161272.960560 sending message 112 to peer 0x557df1bb2570 (13 bytes)
1669161272.960561 sending message 112 to peer 0x557df1bb2570 (13 bytes)
1669161272.960563 sending message 112 to peer 0x557df1bb2570 (13 bytes)
1669161272.960565 sending message 112 to peer 0x557df1bb2570 (13 bytes)
1669161272.960567 sending message 112 to peer 0x557df1bb2570 (13 bytes)
1669161272.960569 sending message 112 to peer 0x557df1bb2570 (12 bytes)
1669161272.960571 sending message 112 to peer 0x557df1bb2570 (10 bytes)
1669161272.960573 sending message 112 to peer 0x557df1bb2570 (12 bytes)
1669161272.960575 sending message 112 to peer 0x557df1bb2570 (12 bytes)
1669161272.960578 sending message 112 to peer 0x557df1bb2570 (12 bytes)
1669161272.960580 sending message 112 to peer 0x557df1bb2570 (13 bytes)
1669161272.960582 sending message 112 to peer 0x557df1bb2570 (13 bytes)
1669161272.960583 sending message 112 to peer 0x557df1bb2570 (13 bytes)
1669161272.960585 sending message 112 to peer 0x557df1bb2570 (13 bytes)
1669161272.960587 sending message 112 to peer 0x557df1bb2570 (13 bytes)
1669161272.960589 sending message 112 to peer 0x557df1bb2570 (13 bytes)
1669161272.960591 sending message 112 to peer 0x557df1bb2570 (13 bytes)
1669161272.960593 sending message 112 to peer 0x557df1bb2570 (10 bytes)
1669161272.960596 sending message 112 to peer 0x557df1bb2570 (13 bytes)
1669161272.960597 sending message 112 to peer 0x557df1bb2570 (12 bytes)
1669161272.960600 sending message 112 to peer 0x557df1bb2570 (12 bytes)
1669161272.960601 sending message 112 to peer 0x557df1bb2570 (12 bytes)
1669161272.960603 sending message 112 to peer 0x557df1bb2570 (10 bytes)
1669161272.960605 sending message 112 to peer 0x557df1bb2570 (10 bytes)
1669161272.960607 sending message 112 to peer 0x557df1bb2570 (10 bytes)
1669161272.960610 sending message 112 to peer 0x557df1bb2570 (12 bytes)
1669161272.960611 sending message 112 to peer 0x557df1bb2570 (13 bytes)
1669161272.960614 sending message 112 to peer 0x557df1bb2570 (13 bytes)
1669161272.960615 sending message 112 to peer 0x557df1bb2570 (13 bytes)
1669161272.960617 sending message 112 to peer 0x557df1bb2570 (13 bytes)
1669161272.960619 sending message 112 to peer 0x557df1bb2570 (13 bytes)
1669161272.960621 sending message 112 to peer 0x557df1bb2570 (10 bytes)
1669161272.960623 sending message 112 to peer 0x557df1bb2570 (11 bytes)
1669161272.960625 sending message 112 to peer 0x557df1bb2570 (12 bytes)
1669161272.960627 sending message 112 to peer 0x557df1bb2570 (12 bytes)
1669161272.960629 sending message 112 to peer 0x557df1bb2570 (12 bytes)
1669161272.960631 sending message 112 to peer 0x557df1bb2570 (12 bytes)
1669161272.960633 sending message 112 to peer 0x557df1bb2570 (12 bytes)
1669161272.960635 sending message 112 to peer 0x557df1bb2570 (11 bytes)
1669161272.960637 sending message 112 to peer 0x557df1bb2570 (12 bytes)
1669161272.960639 sending message 112 to peer 0x557df1bb2570 (12 bytes)
1669161272.960641 sending message 112 to peer 0x557df1bb2570 (13 bytes)
1669161272.960643 sending message 112 to peer 0x557df1bb2570 (13 bytes)
1669161272.960645 sending message 112 to peer 0x557df1bb2570 (13 bytes)
1669161272.960647 sending message 112 to peer 0x557df1bb2570 (13 bytes)
1669161272.960649 sending message 112 to peer 0x557df1bb2570 (13 bytes)
1669161272.960651 sending message 112 to peer 0x557df1bb2570 (10 bytes)
1669161272.960653 sending message 112 to peer 0x557df1bb2570 (9 bytes)
1669161272.960655 sending message 112 to peer 0x557df1bb2570 (12 bytes)
1669161272.960657 sending message 112 to peer 0x557df1bb2570 (13 bytes)
1669161272.960659 sending message 112 to peer 0x557df1bb2570 (13 bytes)
1669161272.960661 sending message 112 to peer 0x557df1bb2570 (13 bytes)
1669161272.960663 sending message 112 to peer 0x557df1bb2570 (13 bytes)
1669161272.960665 sending message 112 to peer 0x557df1bb2570 (13 bytes)
1669161272.960667 sending message 112 to peer 0x557df1bb2570 (9 bytes)
1669161272.960669 sending message 112 to peer 0x557df1bb2570 (12 bytes)
1669161272.960672 sending message 112 to peer 0x557df1bb2570 (13 bytes)
1669161272.960674 sending message 112 to peer 0x557df1bb2570 (13 bytes)
1669161272.960676 sending message 112 to peer 0x557df1bb2570 (13 bytes)
1669161272.960678 sending message 112 to peer 0x557df1bb2570 (13 bytes)
1669161272.960680 sending message 112 to peer 0x557df1bb2570 (13 bytes)
1669161272.960701 sending message 112 to peer 0x557df1bb2570 (11 bytes)
1669161272.960708 sending message 112 to peer 0x557df1bb2570 (12 bytes)
1669161272.960710 sending message 112 to peer 0x557df1bb2570 (13 bytes)
1669161272.960712 sending message 112 to peer 0x557df1bb2570 (13 bytes)
1669161272.960714 sending message 112 to peer 0x557df1bb2570 (13 bytes)
1669161272.960716 sending message 112 to peer 0x557df1bb2570 (13 bytes)
1669161272.960718 sending message 112 to peer 0x557df1bb2570 (13 bytes)
1669161272.960719 sending message 112 to peer 0x557df1bb2570 (11 bytes)
1669161272.960721 sending message 112 to peer 0x557df1bb2570 (12 bytes)
1669161272.960724 sending message 112 to peer 0x557df1bb2570 (12 bytes)
1669161272.960726 sending message 112 to peer 0x557df1bb2570 (12 bytes)
1669161272.960728 sending message 112 to peer 0x557df1bb2570 (12 bytes)
1669161272.960729 sending message 112 to peer 0x557df1bb2570 (12 bytes)
1669161272.960731 sending message 112 to peer 0x557df1bb2570 (21 bytes)
1669161272.960733 sending message 112 to peer 0x557df1bb2570 (12 bytes)
1669161272.960735 sending message 112 to peer 0x557df1bb2570 (9 bytes)
1669161272.960737 sending message 112 to peer 0x557df1bb2570 (6 bytes)
1669161272.960739 sending message 112 to peer 0x557df1bb2570 (13 bytes)
1669161272.960741 sending message 112 to peer 0x557df1bb2570 (10 bytes)
1669161272.960743 sending message 112 to peer 0x557df1bb2570 (24 bytes)
1669161272.960745 sending message 112 to peer 0x557df1bb2570 (13 bytes)
1669161272.960747 sending message 112 to peer 0x557df1bb2570 (9 bytes)
1669161272.960749 sending message 112 to peer 0x557df1bb2570 (70 bytes)
1669161272.960751 sending message 112 to peer 0x557df1bb2570 (69 bytes)
1669161272.960753 sending message 112 to peer 0x557df1bb2570 (12 bytes)
1669161272.960755 sending message 112 to peer 0x557df1bb2570 (10 bytes)
1669161272.960757 sending message 112 to peer 0x557df1bb2570 (10 bytes)
1669161272.960759 sending message 112 to peer 0x557df1bb2570 (24 bytes)
1669161272.960761 sending message 112 to peer 0x557df1bb2570 (13 bytes)
1669161272.960763 sending message 112 to peer 0x557df1bb2570 (10 bytes)
1669161272.960765 sending message 112 to peer 0x557df1bb2570 (10 bytes)
1669161272.960767 sending message 112 to peer 0x557df1bb2570 (10 bytes)
1669161272.960769 sending message 112 to peer 0x557df1bb2570 (13 bytes)
1669161272.960771 sending message 112 to peer 0x557df1bb2570 (15 bytes)
1669161272.960774 sending message 112 to peer 0x557df1bb2570 (5 bytes)
1669161272.960776 sending message 104 to peer 0x557df1bb2570 (0 bytes)
1669161272.960778 sending message 110 to peer 0x557df1bb2570 (0 bytes)
1669161272.960780 sending message 107 to peer 0x557df1bb2570 (4 bytes)
1669161272.960782 sending message 105 to peer 0x557df1bb2570 (19 bytes)
1669161272.960784 sending message 105 to peer 0x557df1bb2570 (63 bytes)
1669161272.960786 sending message 105 to peer 0x557df1bb2570 (16 bytes)
1669161272.960788 sending message 105 to peer 0x557df1bb2570 (54 bytes)
1669161272.960790 sending message 105 to peer 0x557df1bb2570 (47 bytes)
1669161272.960792 sending message 105 to peer 0x557df1bb2570 (15 bytes)
1669161272.960794 sending message 105 to peer 0x557df1bb2570 (18 bytes)
1669161272.960796 sending message 105 to peer 0x557df1bb2570 (15 bytes)
1669161272.960798 sending message 105 to peer 0x557df1bb2570 (44 bytes)
1669161272.960800 sending message 105 to peer 0x557df1bb2570 (18 bytes)
1669161272.960802 sending message 105 to peer 0x557df1bb2570 (17 bytes)
1669161272.960803 sending message 105 to peer 0x557df1bb2570 (21 bytes)
1669161272.960806 sending message 105 to peer 0x557df1bb2570 (17 bytes)
1669161272.960807 sending message 105 to peer 0x557df1bb2570 (31 bytes)
1669161272.960811 sending message 105 to peer 0x557df1bb2570 (42 bytes)
1669161272.960813 sending message 105 to peer 0x557df1bb2570 (31 bytes)
1669161272.960815 sending message 105 to peer 0x557df1bb2570 (13 bytes)
1669161272.960817 sending message 105 to peer 0x557df1bb2570 (51 bytes)
1669161272.960819 sending message 105 to peer 0x557df1bb2570 (18 bytes)
1669161272.960821 sending message 105 to peer 0x557df1bb2570 (17 bytes)
1669161272.960823 sending message 105 to peer 0x557df1bb2570 (15 bytes)
1669161272.960825 sending message 105 to peer 0x557df1bb2570 (23 bytes)
1669161272.960827 sending message 105 to peer 0x557df1bb2570 (18 bytes)
1669161272.960829 sending message 105 to peer 0x557df1bb2570 (30 bytes)
1669161272.960831 sending message 105 to peer 0x557df1bb2570 (165 bytes)
1669161272.960833 sending message 105 to peer 0x557df1bb2570 (18 bytes)
1669161272.960835 sending message 105 to peer 0x557df1bb2570 (13 bytes)
1669161272.960837 sending message 105 to peer 0x557df1bb2570 (50 bytes)
1669161272.960838 sending message 105 to peer 0x557df1bb2570 (53 bytes)
1669161272.960840 sending message 105 to peer 0x557df1bb2570 (15 bytes)
1669161272.960843 sending message 105 to peer 0x557df1bb2570 (18 bytes)
1669161272.960845 sending message 105 to peer 0x557df1bb2570 (15 bytes)
1669161272.960846 sending message 105 to peer 0x557df1bb2570 (15 bytes)
1669161272.960848 sending message 105 to peer 0x557df1bb2570 (5 bytes)
1669161272.960850 sending message 105 to peer 0x557df1bb2570 (58 bytes)
1669161272.960852 sending message 105 to peer 0x557df1bb2570 (75 bytes)
1669161272.960854 sending message 105 to peer 0x557df1bb2570 (23 bytes)
1669161272.960856 sending message 105 to peer 0x557df1bb2570 (18 bytes)
1669161272.960857 sending message 105 to peer 0x557df1bb2570 (39 bytes)
1669161272.960860 sending message 105 to peer 0x557df1bb2570 (35 bytes)
1669161272.960861 sending message 105 to peer 0x557df1bb2570 (30 bytes)
1669161272.960863 sending message 105 to peer 0x557df1bb2570 (15 bytes)
1669161272.960865 sending message 105 to peer 0x557df1bb2570 (43 bytes)
1669161272.960867 sending message 105 to peer 0x557df1bb2570 (56 bytes)
1669161272.960869 sending message 105 to peer 0x557df1bb2570 (17 bytes)
1669161272.960871 sending message 105 to peer 0x557df1bb2570 (15 bytes)
1669161272.960873 sending message 105 to peer 0x557df1bb2570 (15 bytes)
1669161272.960875 sending message 105 to peer 0x557df1bb2570 (15 bytes)
1669161272.960877 sending message 105 to peer 0x557df1bb2570 (58 bytes)
1669161272.960879 sending message 105 to peer 0x557df1bb2570 (20 bytes)
1669161272.960881 sending message 105 to peer 0x557df1bb2570 (18 bytes)
1669161272.960883 sending message 105 to peer 0x557df1bb2570 (40 bytes)
1669161272.960885 sending message 105 to peer 0x557df1bb2570 (42 bytes)
1669161272.960887 sending message 105 to peer 0x557df1bb2570 (31 bytes)
1669161272.960889 sending message 105 to peer 0x557df1bb2570 (21 bytes)
1669161272.960891 sending message 105 to peer 0x557df1bb2570 (50 bytes)
1669161272.960893 sending message 105 to peer 0x557df1bb2570 (12 bytes)
1669161272.960895 sending message 105 to peer 0x557df1bb2570 (39 bytes)
1669161272.960897 sending message 105 to peer 0x557df1bb2570 (33 bytes)
1669161272.960899 sending message 105 to peer 0x557df1bb2570 (40 bytes)
1669161272.960901 sending message 105 to peer 0x557df1bb2570 (45 bytes)
1669161272.960903 sending message 105 to peer 0x557df1bb2570 (28 bytes)
1669161272.960905 sending message 105 to peer 0x557df1bb2570 (15 bytes)
1669161272.960907 sending message 105 to peer 0x557df1bb2570 (21 bytes)
1669161272.960909 sending message 105 to peer 0x557df1bb2570 (28 bytes)
1669161272.960911 sending message 105 to peer 0x557df1bb2570 (44 bytes)
1669161272.960913 sending message 105 to peer 0x557df1bb2570 (52 bytes)
1669161272.960915 sending message 105 to peer 0x557df1bb2570 (58 bytes)
1669161272.960917 sending message 105 to peer 0x557df1bb2570 (73 bytes)
1669161272.960919 sending message 105 to peer 0x557df1bb2570 (17 bytes)
1669161272.960922 sending message 105 to peer 0x557df1bb2570 (18 bytes)
1669161272.960925 sending message 105 to peer 0x557df1bb2570 (24 bytes)
1669161272.960927 sending message 105 to peer 0x557df1bb2570 (36 bytes)
1669161272.960929 sending message 105 to peer 0x557df1bb2570 (43 bytes)
1669161272.960930 sending message 105 to peer 0x557df1bb2570 (31 bytes)
1669161272.960932 sending message 105 to peer 0x557df1bb2570 (29 bytes)
1669161272.960934 sending message 105 to peer 0x557df1bb2570 (19 bytes)
1669161272.960936 sending message 105 to peer 0x557df1bb2570 (8 bytes)
1669161272.960938 sending message 105 to peer 0x557df1bb2570 (14 bytes)
1669161272.960940 sending message 105 to peer 0x557df1bb2570 (80 bytes)
1669161272.960942 sending message 105 to peer 0x557df1bb2570 (18 bytes)
1669161272.960944 sending message 105 to peer 0x557df1bb2570 (62 bytes)
1669161272.960946 sending message 105 to peer 0x557df1bb2570 (17 bytes)
1669161272.960947 sending message 105 to peer 0x557df1bb2570 (18 bytes)
1669161272.960949 sending message 105 to peer 0x557df1bb2570 (15 bytes)
1669161272.960951 sending message 105 to peer 0x557df1bb2570 (81 bytes)
1669161272.960953 sending message 105 to peer 0x557df1bb2570 (85 bytes)
1669161272.960956 sending message 105 to peer 0x557df1bb2570 (37 bytes)
1669161272.960957 sending message 105 to peer 0x557df1bb2570 (19 bytes)
1669161272.960959 sending message 105 to peer 0x557df1bb2570 (29 bytes)
1669161272.960961 sending message 105 to peer 0x557df1bb2570 (39 bytes)
1669161272.960963 sending message 105 to peer 0x557df1bb2570 (10 bytes)
1669161272.960966 sending message 105 to peer 0x557df1bb2570 (52 bytes)
1669161272.960967 sending message 105 to peer 0x557df1bb2570 (15 bytes)
1669161272.960969 sending message 105 to peer 0x557df1bb2570 (17 bytes)
1669161272.960971 sending message 105 to peer 0x557df1bb2570 (32 bytes)
1669161272.960973 sending message 105 to peer 0x557df1bb2570 (57 bytes)
1669161272.960975 sending message 105 to peer 0x557df1bb2570 (58 bytes)
1669161272.960976 sending message 105 to peer 0x557df1bb2570 (79 bytes)
1669161272.960978 sending message 105 to peer 0x557df1bb2570 (19 bytes)
1669161272.960980 sending message 105 to peer 0x557df1bb2570 (19 bytes)
1669161272.960982 sending message 105 to peer 0x557df1bb2570 (25 bytes)
1669161272.960983 sending message 105 to peer 0x557df1bb2570 (23 bytes)
1669161272.960985 sending message 105 to peer 0x557df1bb2570 (38 bytes)
1669161272.960987 sending message 105 to peer 0x557df1bb2570 (18 bytes)
1669161272.960988 sending message 105 to peer 0x557df1bb2570 (17 bytes)
1669161272.960990 sending message 105 to peer 0x557df1bb2570 (17 bytes)
1669161272.960992 sending message 105 to peer 0x557df1bb2570 (15 bytes)
1669161272.960994 sending message 105 to peer 0x557df1bb2570 (85 bytes)
1669161272.960996 sending message 105 to peer 0x557df1bb2570 (43 bytes)
1669161272.960998 sending message 105 to peer 0x557df1bb2570 (32 bytes)
1669161272.961000 sending message 105 to peer 0x557df1bb2570 (365 bytes)
1669161272.961002 sending message 105 to peer 0x557df1bb2570 (34 bytes)
1669161272.961003 sending message 105 to peer 0x557df1bb2570 (15 bytes)
1669161272.961005 sending message 105 to peer 0x557df1bb2570 (18 bytes)
1669161272.961007 sending message 105 to peer 0x557df1bb2570 (16 bytes)
1669161272.961009 sending message 105 to peer 0x557df1bb2570 (15 bytes)
1669161272.961011 sending message 105 to peer 0x557df1bb2570 (15 bytes)
1669161272.961013 sending message 105 to peer 0x557df1bb2570 (26 bytes)
1669161272.961015 sending message 105 to peer 0x557df1bb2570 (17 bytes)
1669161272.961017 sending message 105 to peer 0x557df1bb2570 (10 bytes)
1669161272.961018 sending message 105 to peer 0x557df1bb2570 (36 bytes)
1669161272.961020 sending message 105 to peer 0x557df1bb2570 (21 bytes)
1669161272.961022 sending message 105 to peer 0x557df1bb2570 (18 bytes)
1669161272.961024 sending message 105 to peer 0x557df1bb2570 (24 bytes)
1669161272.961025 sending message 105 to peer 0x557df1bb2570 (43 bytes)
1669161272.961027 sending message 105 to peer 0x557df1bb2570 (39 bytes)
1669161272.961030 sending message 105 to peer 0x557df1bb2570 (165 bytes)
1669161272.961032 sending message 105 to peer 0x557df1bb2570 (52 bytes)
1669161272.961034 sending message 105 to peer 0x557df1bb2570 (23 bytes)
1669161272.961036 sending message 105 to peer 0x557df1bb2570 (16 bytes)
1669161272.961038 sending message 105 to peer 0x557df1bb2570 (15 bytes)
1669161272.961039 sending message 105 to peer 0x557df1bb2570 (15 bytes)
1669161272.961041 sending message 105 to peer 0x557df1bb2570 (16 bytes)
1669161272.961043 sending message 105 to peer 0x557df1bb2570 (21 bytes)
1669161272.961045 sending message 105 to peer 0x557df1bb2570 (19 bytes)
1669161272.961047 sending message 105 to peer 0x557df1bb2570 (33 bytes)
1669161272.961048 sending message 105 to peer 0x557df1bb2570 (28 bytes)
1669161272.961050 sending message 105 to peer 0x557df1bb2570 (36 bytes)
1669161272.961052 sending message 105 to peer 0x557df1bb2570 (45 bytes)
1669161272.961054 sending message 105 to peer 0x557df1bb2570 (45 bytes)
1669161272.961056 sending message 105 to peer 0x557df1bb2570 (28 bytes)
1669161272.961057 sending message 105 to peer 0x557df1bb2570 (16 bytes)
1669161272.961059 sending message 105 to peer 0x557df1bb2570 (15 bytes)
1669161272.961061 sending message 105 to peer 0x557df1bb2570 (10 bytes)
1669161272.961063 sending message 105 to peer 0x557df1bb2570 (20 bytes)
1669161272.961065 sending message 105 to peer 0x557df1bb2570 (25 bytes)
1669161272.961067 sending message 105 to peer 0x557df1bb2570 (43 bytes)
1669161272.961068 sending message 105 to peer 0x557df1bb2570 (31 bytes)
1669161272.961070 sending message 105 to peer 0x557df1bb2570 (13 bytes)
1669161272.961072 sending message 105 to peer 0x557df1bb2570 (23 bytes)
1669161272.961074 sending message 105 to peer 0x557df1bb2570 (54 bytes)
1669161272.961076 sending message 105 to peer 0x557df1bb2570 (29 bytes)
1669161272.961077 sending message 105 to peer 0x557df1bb2570 (40 bytes)
1669161272.961079 sending message 105 to peer 0x557df1bb2570 (51 bytes)
1669161272.961081 sending message 105 to peer 0x557df1bb2570 (18 bytes)
1669161272.961083 sending message 105 to peer 0x557df1bb2570 (28 bytes)
1669161272.961084 sending message 105 to peer 0x557df1bb2570 (17 bytes)
1669161272.961086 sending message 105 to peer 0x557df1bb2570 (16 bytes)
1669161272.961088 sending message 105 to peer 0x557df1bb2570 (21 bytes)
1669161272.961090 sending message 105 to peer 0x557df1bb2570 (23 bytes)
1669161272.961092 sending message 105 to peer 0x557df1bb2570 (18 bytes)
1669161272.961094 sending message 105 to peer 0x557df1bb2570 (20 bytes)
1669161272.961096 sending message 105 to peer 0x557df1bb2570 (15 bytes)
1669161272.961097 sending message 105 to peer 0x557df1bb2570 (16 bytes)
1669161272.961100 sending message 105 to peer 0x557df1bb2570 (26 bytes)
1669161272.961102 sending message 105 to peer 0x557df1bb2570 (17 bytes)
1669161272.961103 sending message 105 to peer 0x557df1bb2570 (76 bytes)
1669161272.961105 sending message 105 to peer 0x557df1bb2570 (20 bytes)
1669161272.961107 sending message 105 to peer 0x557df1bb2570 (26 bytes)
1669161272.961109 sending message 105 to peer 0x557df1bb2570 (43 bytes)
1669161272.961111 sending message 105 to peer 0x557df1bb2570 (32 bytes)
1669161272.961113 sending message 105 to peer 0x557df1bb2570 (16 bytes)
1669161272.961115 sending message 105 to peer 0x557df1bb2570 (15 bytes)
1669161272.961117 sending message 105 to peer 0x557df1bb2570 (16 bytes)
1669161272.961118 sending message 105 to peer 0x557df1bb2570 (14 bytes)
1669161272.961120 sending message 105 to peer 0x557df1bb2570 (31 bytes)
1669161272.961122 sending message 105 to peer 0x557df1bb2570 (17 bytes)
1669161272.961124 sending message 105 to peer 0x557df1bb2570 (21 bytes)
1669161272.961126 sending message 105 to peer 0x557df1bb2570 (75 bytes)
1669161272.961128 sending message 105 to peer 0x557df1bb2570 (25 bytes)
1669161272.961130 sending message 105 to peer 0x557df1bb2570 (38 bytes)
1669161272.961132 sending message 105 to peer 0x557df1bb2570 (30 bytes)
1669161272.961134 sending message 105 to peer 0x557df1bb2570 (27 bytes)
1669161272.961138 sending message 105 to peer 0x557df1bb2570 (346 bytes)
1669161272.961140 sending message 105 to peer 0x557df1bb2570 (49 bytes)
1669161272.961142 sending message 105 to peer 0x557df1bb2570 (48 bytes)
1669161272.961144 sending message 105 to peer 0x557df1bb2570 (15 bytes)
1669161272.961145 sending message 105 to peer 0x557df1bb2570 (13 bytes)
1669161272.961148 sending message 105 to peer 0x557df1bb2570 (75 bytes)
1669161272.961150 sending message 105 to peer 0x557df1bb2570 (22 bytes)
1669161272.961152 sending message 105 to peer 0x557df1bb2570 (22 bytes)
1669161272.961154 sending message 105 to peer 0x557df1bb2570 (25 bytes)
1669161272.961156 sending message 105 to peer 0x557df1bb2570 (27 bytes)
1669161272.961158 sending message 105 to peer 0x557df1bb2570 (32 bytes)
1669161272.961160 sending message 105 to peer 0x557df1bb2570 (18 bytes)
1669161272.961162 sending message 105 to peer 0x557df1bb2570 (16 bytes)
1669161272.961164 sending message 105 to peer 0x557df1bb2570 (63 bytes)
1669161272.961166 sending message 105 to peer 0x557df1bb2570 (44 bytes)
1669161272.961168 sending message 105 to peer 0x557df1bb2570 (17 bytes)
1669161272.961170 sending message 105 to peer 0x557df1bb2570 (37 bytes)
1669161272.961172 sending message 105 to peer 0x557df1bb2570 (74 bytes)
1669161272.961174 sending message 105 to peer 0x557df1bb2570 (17 bytes)
1669161272.961176 sending message 105 to peer 0x557df1bb2570 (23 bytes)
1669161272.961178 sending message 105 to peer 0x557df1bb2570 (26 bytes)
1669161272.961180 sending message 105 to peer 0x557df1bb2570 (40 bytes)
1669161272.961182 sending message 105 to peer 0x557df1bb2570 (28 bytes)
1669161272.961185 sending message 105 to peer 0x557df1bb2570 (31 bytes)
1669161272.961187 sending message 105 to peer 0x557df1bb2570 (11 bytes)
1669161272.961189 sending message 105 to peer 0x557df1bb2570 (19 bytes)
1669161272.961191 sending message 105 to peer 0x557df1bb2570 (61 bytes)
1669161272.961193 sending message 105 to peer 0x557df1bb2570 (18 bytes)
1669161272.961195 sending message 105 to peer 0x557df1bb2570 (53 bytes)
1669161272.961197 sending message 105 to peer 0x557df1bb2570 (52 bytes)
1669161272.961199 sending message 105 to peer 0x557df1bb2570 (15 bytes)
1669161272.961201 sending message 105 to peer 0x557df1bb2570 (87 bytes)
1669161272.961203 sending message 105 to peer 0x557df1bb2570 (135 bytes)
1669161272.961205 sending message 105 to peer 0x557df1bb2570 (26 bytes)
1669161272.961207 sending message 105 to peer 0x557df1bb2570 (26 bytes)
1669161272.961209 sending message 105 to peer 0x557df1bb2570 (35 bytes)
1669161272.961211 sending message 105 to peer 0x557df1bb2570 (35 bytes)
1669161272.961214 sending message 105 to peer 0x557df1bb2570 (45 bytes)
1669161272.961215 sending message 105 to peer 0x557df1bb2570 (15 bytes)
1669161272.961217 sending message 105 to peer 0x557df1bb2570 (23 bytes)
1669161272.961219 sending message 105 to peer 0x557df1bb2570 (65 bytes)
1669161272.961221 sending message 105 to peer 0x557df1bb2570 (52 bytes)
1669161272.961223 sending message 105 to peer 0x557df1bb2570 (50 bytes)
1669161272.961225 sending message 105 to peer 0x557df1bb2570 (47 bytes)
1669161272.961227 sending message 105 to peer 0x557df1bb2570 (29 bytes)
1669161272.961229 sending message 105 to peer 0x557df1bb2570 (54 bytes)
1669161272.961231 sending message 105 to peer 0x557df1bb2570 (15 bytes)
1669161272.961233 sending message 105 to peer 0x557df1bb2570 (18 bytes)
1669161272.961235 sending message 105 to peer 0x557df1bb2570 (15 bytes)
1669161272.961237 sending message 105 to peer 0x557df1bb2570 (17 bytes)
1669161272.961239 sending message 105 to peer 0x557df1bb2570 (17 bytes)
1669161272.961241 sending message 105 to peer 0x557df1bb2570 (17 bytes)
1669161272.961243 sending message 105 to peer 0x557df1bb2570 (14 bytes)
1669161272.961245 sending message 105 to peer 0x557df1bb2570 (16 bytes)
1669161272.961247 sending message 105 to peer 0x557df1bb2570 (25 bytes)
1669161272.961249 sending message 105 to peer 0x557df1bb2570 (23 bytes)
1669161272.961252 sending message 105 to peer 0x557df1bb2570 (17 bytes)
1669161272.961255 sending message 105 to peer 0x557df1bb2570 (21 bytes)
1669161272.961257 sending message 105 to peer 0x557df1bb2570 (47 bytes)
1669161272.961259 sending message 105 to peer 0x557df1bb2570 (52 bytes)
1669161272.961261 sending message 105 to peer 0x557df1bb2570 (15 bytes)
1669161272.961263 sending message 105 to peer 0x557df1bb2570 (14 bytes)
1669161272.961265 sending message 105 to peer 0x557df1bb2570 (18 bytes)
1669161272.961267 sending message 105 to peer 0x557df1bb2570 (25 bytes)
1669161272.961268 sending message 105 to peer 0x557df1bb2570 (27 bytes)
1669161272.961271 sending message 105 to peer 0x557df1bb2570 (40 bytes)
1669161272.961273 sending message 105 to peer 0x557df1bb2570 (42 bytes)
1669161272.961274 sending message 105 to peer 0x557df1bb2570 (50 bytes)
1669161272.961277 sending message 105 to peer 0x557df1bb2570 (50 bytes)
1669161272.961279 sending message 105 to peer 0x557df1bb2570 (15 bytes)
1669161272.961281 sending message 105 to peer 0x557df1bb2570 (17 bytes)
1669161272.961283 sending message 105 to peer 0x557df1bb2570 (15 bytes)
1669161272.961285 sending message 105 to peer 0x557df1bb2570 (16 bytes)
1669161272.961287 sending message 105 to peer 0x557df1bb2570 (36 bytes)
1669161272.961289 sending message 105 to peer 0x557df1bb2570 (21 bytes)
1669161272.961291 sending message 105 to peer 0x557df1bb2570 (15 bytes)
1669161272.961293 sending message 105 to peer 0x557df1bb2570 (23 bytes)
1669161272.961295 sending message 105 to peer 0x557df1bb2570 (26 bytes)
1669161272.961297 sending message 105 to peer 0x557df1bb2570 (34 bytes)
1669161272.961299 sending message 105 to peer 0x557df1bb2570 (41 bytes)
1669161272.961301 sending message 105 to peer 0x557df1bb2570 (36 bytes)
1669161272.961303 sending message 105 to peer 0x557df1bb2570 (30 bytes)
1669161272.961305 sending message 105 to peer 0x557df1bb2570 (31 bytes)
1669161272.961307 sending message 105 to peer 0x557df1bb2570 (12 bytes)
1669161272.961310 sending message 105 to peer 0x557df1bb2570 (40 bytes)
1669161272.961312 sending message 105 to peer 0x557df1bb2570 (15 bytes)
1669161272.961314 sending message 105 to peer 0x557df1bb2570 (16 bytes)
1669161272.961316 sending message 105 to peer 0x557df1bb2570 (16 bytes)
1669161272.961318 sending message 105 to peer 0x557df1bb2570 (36 bytes)
1669161272.961319 sending message 105 to peer 0x557df1bb2570 (85 bytes)
1669161272.961321 sending message 105 to peer 0x557df1bb2570 (75 bytes)
1669161272.961323 sending message 105 to peer 0x557df1bb2570 (16 bytes)
1669161272.961325 sending message 105 to peer 0x557df1bb2570 (17 bytes)
1669161272.961327 sending message 105 to peer 0x557df1bb2570 (26 bytes)
1669161272.961329 sending message 105 to peer 0x557df1bb2570 (26 bytes)
1669161272.961331 sending message 105 to peer 0x557df1bb2570 (37 bytes)
1669161272.961334 sending message 105 to peer 0x557df1bb2570 (33 bytes)
1669161272.961336 sending message 105 to peer 0x557df1bb2570 (419 bytes)
1669161272.961338 sending message 105 to peer 0x557df1bb2570 (35 bytes)
1669161272.961340 sending message 105 to peer 0x557df1bb2570 (45 bytes)
1669161272.961342 sending message 105 to peer 0x557df1bb2570 (72 bytes)
1669161272.961343 sending message 105 to peer 0x557df1bb2570 (49 bytes)
1669161272.961345 sending message 105 to peer 0x557df1bb2570 (16 bytes)
1669161272.961348 sending message 105 to peer 0x557df1bb2570 (16 bytes)
1669161272.961349 sending message 105 to peer 0x557df1bb2570 (36 bytes)
1669161272.961351 sending message 105 to peer 0x557df1bb2570 (23 bytes)
1669161272.961353 sending message 105 to peer 0x557df1bb2570 (30 bytes)
1669161272.961355 sending message 105 to peer 0x557df1bb2570 (31 bytes)
1669161272.961357 sending message 105 to peer 0x557df1bb2570 (58 bytes)
1669161272.961359 sending message 105 to peer 0x557df1bb2570 (24 bytes)
1669161272.961362 sending message 105 to peer 0x557df1bb2570 (99 bytes)
1669161272.961364 sending message 105 to peer 0x557df1bb2570 (47 bytes)
1669161272.961366 sending message 105 to peer 0x557df1bb2570 (49 bytes)
1669161272.961368 sending message 105 to peer 0x557df1bb2570 (63 bytes)
1669161272.961383 sending message 105 to peer 0x557df1bb2570 (18 bytes)
1669161272.961386 sending message 105 to peer 0x557df1bb2570 (15 bytes)
1669161272.961388 sending message 105 to peer 0x557df1bb2570 (17 bytes)
1669161272.961390 sending message 105 to peer 0x557df1bb2570 (15 bytes)
1669161272.961391 sending message 105 to peer 0x557df1bb2570 (22 bytes)
1669161272.961393 sending message 105 to peer 0x557df1bb2570 (16 bytes)
1669161272.961395 sending message 105 to peer 0x557df1bb2570 (27 bytes)
1669161272.961397 sending message 105 to peer 0x557df1bb2570 (41 bytes)
1669161272.961398 sending message 105 to peer 0x557df1bb2570 (30 bytes)
1669161272.961400 sending message 105 to peer 0x557df1bb2570 (31 bytes)
1669161272.961402 sending message 105 to peer 0x557df1bb2570 (11 bytes)
1669161272.961404 sending message 105 to peer 0x557df1bb2570 (25 bytes)
1669161272.961406 sending message 105 to peer 0x557df1bb2570 (43 bytes)
1669161272.961408 sending message 105 to peer 0x557df1bb2570 (15 bytes)
1669161272.961409 sending message 105 to peer 0x557df1bb2570 (18 bytes)
1669161272.961411 sending message 105 to peer 0x557df1bb2570 (15 bytes)
1669161272.961413 sending message 105 to peer 0x557df1bb2570 (14 bytes)
1669161272.961414 sending message 105 to peer 0x557df1bb2570 (17 bytes)
1669161272.961417 sending message 105 to peer 0x557df1bb2570 (16 bytes)
1669161272.961419 sending message 105 to peer 0x557df1bb2570 (84 bytes)
1669161272.961420 sending message 105 to peer 0x557df1bb2570 (71 bytes)
1669161272.961422 sending message 105 to peer 0x557df1bb2570 (17 bytes)
1669161272.961424 sending message 105 to peer 0x557df1bb2570 (20 bytes)
1669161272.961426 sending message 105 to peer 0x557df1bb2570 (37 bytes)
1669161272.961427 sending message 105 to peer 0x557df1bb2570 (34 bytes)
1669161272.961430 sending message 105 to peer 0x557df1bb2570 (29 bytes)
1669161272.961432 sending message 105 to peer 0x557df1bb2570 (17 bytes)
1669161272.961433 sending message 105 to peer 0x557df1bb2570 (24 bytes)
1669161272.961435 sending message 105 to peer 0x557df1bb2570 (17 bytes)
1669161272.961437 sending message 105 to peer 0x557df1bb2570 (15 bytes)
1669161272.961440 sending message 105 to peer 0x557df1bb2570 (15 bytes)
1669161272.961441 sending message 105 to peer 0x557df1bb2570 (14 bytes)
1669161272.961443 sending message 105 to peer 0x557df1bb2570 (38 bytes)
1669161272.961445 sending message 105 to peer 0x557df1bb2570 (26 bytes)
1669161272.961447 sending message 105 to peer 0x557df1bb2570 (24 bytes)
1669161272.961449 sending message 105 to peer 0x557df1bb2570 (33 bytes)
1669161272.961451 sending message 105 to peer 0x557df1bb2570 (33 bytes)
1669161272.961453 sending message 105 to peer 0x557df1bb2570 (37 bytes)
1669161272.961455 sending message 105 to peer 0x557df1bb2570 (24 bytes)
1669161272.961457 sending message 105 to peer 0x557df1bb2570 (61 bytes)
1669161272.961459 sending message 105 to peer 0x557df1bb2570 (42 bytes)
1669161272.961461 sending message 105 to peer 0x557df1bb2570 (45 bytes)
1669161272.961463 sending message 105 to peer 0x557df1bb2570 (46 bytes)
1669161272.961466 sending message 105 to peer 0x557df1bb2570 (71 bytes)
1669161272.961468 sending message 105 to peer 0x557df1bb2570 (17 bytes)
1669161272.961470 sending message 105 to peer 0x557df1bb2570 (41 bytes)
1669161272.961472 sending message 105 to peer 0x557df1bb2570 (524 bytes)
1669161272.961474 sending message 105 to peer 0x557df1bb2570 (27 bytes)
1669161272.961476 sending message 105 to peer 0x557df1bb2570 (20 bytes)
1669161272.961478 sending message 105 to peer 0x557df1bb2570 (21 bytes)
1669161272.961480 sending message 105 to peer 0x557df1bb2570 (81 bytes)
1669161272.961482 sending message 105 to peer 0x557df1bb2570 (21 bytes)
1669161272.961484 sending message 105 to peer 0x557df1bb2570 (20 bytes)
1669161272.961486 sending message 105 to peer 0x557df1bb2570 (27 bytes)
1669161272.961488 sending message 105 to peer 0x557df1bb2570 (25 bytes)
1669161272.961489 sending message 105 to peer 0x557df1bb2570 (37 bytes)
1669161272.961492 sending message 105 to peer 0x557df1bb2570 (31 bytes)
1669161272.961495 sending message 105 to peer 0x557df1bb2570 (27 bytes)
1669161272.961497 sending message 105 to peer 0x557df1bb2570 (47 bytes)
1669161272.961499 sending message 105 to peer 0x557df1bb2570 (15 bytes)
1669161272.961501 sending message 105 to peer 0x557df1bb2570 (127 bytes)
1669161272.961503 sending message 105 to peer 0x557df1bb2570 (15 bytes)
1669161272.961505 sending message 105 to peer 0x557df1bb2570 (15 bytes)
1669161272.961507 sending message 105 to peer 0x557df1bb2570 (17 bytes)
1669161272.961509 sending message 105 to peer 0x557df1bb2570 (55 bytes)
1669161272.961511 sending message 105 to peer 0x557df1bb2570 (16 bytes)
1669161272.961513 sending message 105 to peer 0x557df1bb2570 (19 bytes)
1669161272.961515 sending message 105 to peer 0x557df1bb2570 (18 bytes)
1669161272.961517 sending message 105 to peer 0x557df1bb2570 (21 bytes)
1669161272.961519 sending message 105 to peer 0x557df1bb2570 (42 bytes)
1669161272.961521 sending message 105 to peer 0x557df1bb2570 (32 bytes)
1669161272.961523 sending message 105 to peer 0x557df1bb2570 (33 bytes)
1669161272.961525 sending message 105 to peer 0x557df1bb2570 (33 bytes)
1669161272.961527 sending message 105 to peer 0x557df1bb2570 (46 bytes)
1669161272.961529 sending message 105 to peer 0x557df1bb2570 (30 bytes)
1669161272.961531 sending message 105 to peer 0x557df1bb2570 (19 bytes)
1669161272.961533 sending message 105 to peer 0x557df1bb2570 (48 bytes)
1669161272.961535 sending message 105 to peer 0x557df1bb2570 (59 bytes)
1669161272.961537 sending message 105 to peer 0x557df1bb2570 (32 bytes)
1669161272.961539 sending message 105 to peer 0x557df1bb2570 (19 bytes)
1669161272.961541 sending message 105 to peer 0x557df1bb2570 (24 bytes)
1669161272.961543 sending message 105 to peer 0x557df1bb2570 (36 bytes)
1669161272.961545 sending message 105 to peer 0x557df1bb2570 (19 bytes)
1669161272.961547 sending message 105 to peer 0x557df1bb2570 (39 bytes)
1669161272.961549 sending message 105 to peer 0x557df1bb2570 (46 bytes)
1669161272.961551 sending message 105 to peer 0x557df1bb2570 (52 bytes)
1669161272.961553 sending message 105 to peer 0x557df1bb2570 (15 bytes)
1669161272.961555 sending message 105 to peer 0x557df1bb2570 (18 bytes)
1669161272.961557 sending message 105 to peer 0x557df1bb2570 (15 bytes)
1669161272.961559 sending message 105 to peer 0x557df1bb2570 (15 bytes)
1669161272.961561 sending message 105 to peer 0x557df1bb2570 (17 bytes)
1669161272.961563 sending message 105 to peer 0x557df1bb2570 (16 bytes)
1669161272.961565 sending message 105 to peer 0x557df1bb2570 (40 bytes)
1669161272.961567 sending message 105 to peer 0x557df1bb2570 (23 bytes)
1669161272.961569 sending message 105 to peer 0x557df1bb2570 (52 bytes)
1669161272.961571 sending message 105 to peer 0x557df1bb2570 (40 bytes)
1669161272.961573 sending message 105 to peer 0x557df1bb2570 (45 bytes)
1669161272.961582 sending message 105 to peer 0x557df1bb2570 (52 bytes)
1669161272.961586 sending message 105 to peer 0x557df1bb2570 (17 bytes)
1669161272.961589 sending message 105 to peer 0x557df1bb2570 (15 bytes)
1669161272.961591 sending message 105 to peer 0x557df1bb2570 (71 bytes)
1669161272.961593 sending message 105 to peer 0x557df1bb2570 (21 bytes)
1669161272.961595 sending message 105 to peer 0x557df1bb2570 (25 bytes)
1669161272.961597 sending message 105 to peer 0x557df1bb2570 (31 bytes)
1669161272.961599 sending message 105 to peer 0x557df1bb2570 (31 bytes)
1669161272.961601 sending message 105 to peer 0x557df1bb2570 (31 bytes)
1669161272.961603 sending message 105 to peer 0x557df1bb2570 (51 bytes)
1669161272.961605 sending message 105 to peer 0x557df1bb2570 (18 bytes)
1669161272.961607 sending message 105 to peer 0x557df1bb2570 (48 bytes)
1669161272.961610 sending message 105 to peer 0x557df1bb2570 (49 bytes)
1669161272.961612 sending message 105 to peer 0x557df1bb2570 (49 bytes)
1669161272.961614 sending message 105 to peer 0x557df1bb2570 (15 bytes)
1669161272.961616 sending message 105 to peer 0x557df1bb2570 (18 bytes)
1669161272.961617 sending message 105 to peer 0x557df1bb2570 (15 bytes)
1669161272.961621 sending message 105 to peer 0x557df1bb2570 (14 bytes)
1669161272.961623 sending message 105 to peer 0x557df1bb2570 (30 bytes)
1669161272.961625 sending message 105 to peer 0x557df1bb2570 (20 bytes)
1669161272.961627 sending message 105 to peer 0x557df1bb2570 (70 bytes)
1669161272.961629 sending message 105 to peer 0x557df1bb2570 (20 bytes)
1669161272.961631 sending message 105 to peer 0x557df1bb2570 (18 bytes)
1669161272.961633 sending message 105 to peer 0x557df1bb2570 (25 bytes)
1669161272.961635 sending message 105 to peer 0x557df1bb2570 (33 bytes)
1669161272.961637 sending message 105 to peer 0x557df1bb2570 (30 bytes)
1669161272.961639 sending message 105 to peer 0x557df1bb2570 (52 bytes)
1669161272.961641 sending message 105 to peer 0x557df1bb2570 (11 bytes)
1669161272.961643 sending message 105 to peer 0x557df1bb2570 (15 bytes)
1669161272.961645 sending message 105 to peer 0x557df1bb2570 (21 bytes)
1669161272.961647 sending message 105 to peer 0x557df1bb2570 (33 bytes)
1669161272.961649 sending message 105 to peer 0x557df1bb2570 (38 bytes)
1669161272.961651 sending message 105 to peer 0x557df1bb2570 (37 bytes)
1669161272.961653 sending message 105 to peer 0x557df1bb2570 (52 bytes)
1669161272.961655 sending message 105 to peer 0x557df1bb2570 (15 bytes)
1669161272.961657 sending message 105 to peer 0x557df1bb2570 (18 bytes)
1669161272.961659 sending message 105 to peer 0x557df1bb2570 (36 bytes)
1669161272.961661 sending message 105 to peer 0x557df1bb2570 (74 bytes)
1669161272.961663 sending message 105 to peer 0x557df1bb2570 (75 bytes)
1669161272.961665 sending message 105 to peer 0x557df1bb2570 (40 bytes)
1669161272.961668 sending message 105 to peer 0x557df1bb2570 (29 bytes)
1669161272.961670 sending message 105 to peer 0x557df1bb2570 (18 bytes)
1669161272.961672 sending message 105 to peer 0x557df1bb2570 (26 bytes)
1669161272.961674 sending message 105 to peer 0x557df1bb2570 (40 bytes)
1669161272.961676 sending message 105 to peer 0x557df1bb2570 (15 bytes)
1669161272.961678 sending message 105 to peer 0x557df1bb2570 (18 bytes)
1669161272.961680 sending message 105 to peer 0x557df1bb2570 (19 bytes)
1669161272.961682 sending message 105 to peer 0x557df1bb2570 (36 bytes)
1669161272.961684 sending message 105 to peer 0x557df1bb2570 (74 bytes)
1669161272.961686 sending message 105 to peer 0x557df1bb2570 (73 bytes)
1669161272.961688 sending message 105 to peer 0x557df1bb2570 (20 bytes)
1669161272.961690 sending message 105 to peer 0x557df1bb2570 (25 bytes)
1669161272.961692 sending message 105 to peer 0x557df1bb2570 (30 bytes)
1669161272.961694 sending message 105 to peer 0x557df1bb2570 (31 bytes)
1669161272.961696 sending message 105 to peer 0x557df1bb2570 (72 bytes)
1669161272.961698 sending message 105 to peer 0x557df1bb2570 (43 bytes)
1669161272.961700 sending message 105 to peer 0x557df1bb2570 (13 bytes)
1669161272.961703 sending message 105 to peer 0x557df1bb2570 (18 bytes)
1669161272.961706 sending message 105 to peer 0x557df1bb2570 (15 bytes)
1669161272.961708 sending message 105 to peer 0x557df1bb2570 (13 bytes)
1669161272.961710 sending message 105 to peer 0x557df1bb2570 (22 bytes)
1669161272.961712 sending message 105 to peer 0x557df1bb2570 (36 bytes)
1669161272.961714 sending message 105 to peer 0x557df1bb2570 (18 bytes)
1669161272.961716 sending message 105 to peer 0x557df1bb2570 (34 bytes)
1669161272.961718 sending message 105 to peer 0x557df1bb2570 (31 bytes)
1669161272.961720 sending message 105 to peer 0x557df1bb2570 (140 bytes)
1669161272.961722 sending message 105 to peer 0x557df1bb2570 (128 bytes)
1669161272.961725 sending message 105 to peer 0x557df1bb2570 (23 bytes)
1669161272.961727 sending message 105 to peer 0x557df1bb2570 (49 bytes)
1669161272.961729 sending message 105 to peer 0x557df1bb2570 (68 bytes)
1669161272.961731 sending message 105 to peer 0x557df1bb2570 (15 bytes)
1669161272.961732 sending message 105 to peer 0x557df1bb2570 (17 bytes)
1669161272.961734 sending message 105 to peer 0x557df1bb2570 (22 bytes)
1669161272.961737 sending message 105 to peer 0x557df1bb2570 (70 bytes)
1669161272.961740 sending message 105 to peer 0x557df1bb2570 (19 bytes)
1669161272.961742 sending message 105 to peer 0x557df1bb2570 (22 bytes)
1669161272.961744 sending message 105 to peer 0x557df1bb2570 (19 bytes)
1669161272.961746 sending message 105 to peer 0x557df1bb2570 (18 bytes)
1669161272.961748 sending message 105 to peer 0x557df1bb2570 (25 bytes)
1669161272.961750 sending message 105 to peer 0x557df1bb2570 (35 bytes)
1669161272.961752 sending message 105 to peer 0x557df1bb2570 (48 bytes)
1669161272.961754 sending message 105 to peer 0x557df1bb2570 (23 bytes)
1669161272.961756 sending message 105 to peer 0x557df1bb2570 (86 bytes)
1669161272.961758 sending message 105 to peer 0x557df1bb2570 (17 bytes)
1669161272.961760 sending message 105 to peer 0x557df1bb2570 (13 bytes)
1669161272.961762 sending message 105 to peer 0x557df1bb2570 (18 bytes)
1669161272.961764 sending message 105 to peer 0x557df1bb2570 (37 bytes)
1669161272.961766 sending message 105 to peer 0x557df1bb2570 (52 bytes)
1669161272.961769 sending message 105 to peer 0x557df1bb2570 (22 bytes)
1669161272.961772 sending message 105 to peer 0x557df1bb2570 (16 bytes)
1669161272.961774 sending message 105 to peer 0x557df1bb2570 (18 bytes)
1669161272.961776 sending message 105 to peer 0x557df1bb2570 (45 bytes)
1669161272.961778 sending message 105 to peer 0x557df1bb2570 (32 bytes)
1669161272.961780 sending message 105 to peer 0x557df1bb2570 (369 bytes)
1669161272.961782 sending message 105 to peer 0x557df1bb2570 (52 bytes)
1669161272.961784 sending message 105 to peer 0x557df1bb2570 (18 bytes)
1669161272.961786 sending message 105 to peer 0x557df1bb2570 (37 bytes)
1669161272.961788 sending message 105 to peer 0x557df1bb2570 (25 bytes)
1669161272.961790 sending message 105 to peer 0x557df1bb2570 (31 bytes)
1669161272.961792 sending message 105 to peer 0x557df1bb2570 (42 bytes)
1669161272.961794 sending message 105 to peer 0x557df1bb2570 (30 bytes)
1669161272.961797 sending message 105 to peer 0x557df1bb2570 (31 bytes)
1669161272.961798 sending message 105 to peer 0x557df1bb2570 (12 bytes)
1669161272.961801 sending message 105 to peer 0x557df1bb2570 (16 bytes)
1669161272.961803 sending message 105 to peer 0x557df1bb2570 (37 bytes)
1669161272.961805 sending message 105 to peer 0x557df1bb2570 (164 bytes)
1669161272.961807 sending message 105 to peer 0x557df1bb2570 (24 bytes)
1669161272.961810 sending message 105 to peer 0x557df1bb2570 (32 bytes)
1669161272.961811 sending message 105 to peer 0x557df1bb2570 (30 bytes)
1669161272.961814 sending message 105 to peer 0x557df1bb2570 (22 bytes)
1669161272.961816 sending message 105 to peer 0x557df1bb2570 (22 bytes)
1669161272.961818 sending message 105 to peer 0x557df1bb2570 (21 bytes)
1669161272.961820 sending message 105 to peer 0x557df1bb2570 (28 bytes)
1669161272.961822 sending message 105 to peer 0x557df1bb2570 (18 bytes)
1669161272.961824 sending message 105 to peer 0x557df1bb2570 (97 bytes)
1669161272.961827 sending message 105 to peer 0x557df1bb2570 (22 bytes)
1669161272.961829 sending message 105 to peer 0x557df1bb2570 (29 bytes)
1669161272.961831 sending message 105 to peer 0x557df1bb2570 (16 bytes)
1669161272.961834 sending message 105 to peer 0x557df1bb2570 (77 bytes)
1669161272.961836 sending message 105 to peer 0x557df1bb2570 (90 bytes)
1669161272.961838 sending message 105 to peer 0x557df1bb2570 (92 bytes)
1669161272.961840 sending message 105 to peer 0x557df1bb2570 (40 bytes)
1669161272.961842 sending message 105 to peer 0x557df1bb2570 (33 bytes)
1669161272.961844 sending message 105 to peer 0x557df1bb2570 (16 bytes)
1669161272.961847 sending message 105 to peer 0x557df1bb2570 (10 bytes)
1669161272.961849 sending message 105 to peer 0x557df1bb2570 (26 bytes)
1669161272.961851 sending message 105 to peer 0x557df1bb2570 (28 bytes)
1669161272.961853 sending message 105 to peer 0x557df1bb2570 (27 bytes)
1669161272.961855 sending message 105 to peer 0x557df1bb2570 (29 bytes)
1669161272.961857 sending message 105 to peer 0x557df1bb2570 (44 bytes)
1669161272.961861 sending message 105 to peer 0x557df1bb2570 (16 bytes)
1669161272.961863 sending message 105 to peer 0x557df1bb2570 (13 bytes)
1669161272.961865 sending message 105 to peer 0x557df1bb2570 (12 bytes)
1669161272.961867 sending message 105 to peer 0x557df1bb2570 (14 bytes)
1669161272.961870 sending message 105 to peer 0x557df1bb2570 (14 bytes)
1669161272.961872 sending message 105 to peer 0x557df1bb2570 (13 bytes)
1669161272.961874 sending message 105 to peer 0x557df1bb2570 (13 bytes)
1669161272.961876 sending message 105 to peer 0x557df1bb2570 (12 bytes)
1669161272.961878 sending message 105 to peer 0x557df1bb2570 (11 bytes)
1669161272.961880 sending message 105 to peer 0x557df1bb2570 (20 bytes)
1669161272.961882 sending message 105 to peer 0x557df1bb2570 (49 bytes)
1669161272.961884 sending message 105 to peer 0x557df1bb2570 (48 bytes)
1669161272.961886 sending message 105 to peer 0x557df1bb2570 (48 bytes)
1669161272.961888 sending message 105 to peer 0x557df1bb2570 (40 bytes)
1669161272.961890 sending message 105 to peer 0x557df1bb2570 (40 bytes)
1669161272.961893 sending message 105 to peer 0x557df1bb2570 (41 bytes)
1669161272.961895 sending message 105 to peer 0x557df1bb2570 (40 bytes)
1669161272.961897 sending message 105 to peer 0x557df1bb2570 (41 bytes)
1669161272.961899 sending message 105 to peer 0x557df1bb2570 (31 bytes)
1669161272.961901 sending message 105 to peer 0x557df1bb2570 (43 bytes)
1669161272.961903 sending message 105 to peer 0x557df1bb2570 (34 bytes)
1669161272.961905 sending message 105 to peer 0x557df1bb2570 (36 bytes)
1669161272.961907 sending message 105 to peer 0x557df1bb2570 (31 bytes)
1669161272.961910 sending message 105 to peer 0x557df1bb2570 (43 bytes)
1669161272.961912 sending message 105 to peer 0x557df1bb2570 (50 bytes)
1669161272.961914 sending message 105 to peer 0x557df1bb2570 (38 bytes)
1669161272.961917 sending message 105 to peer 0x557df1bb2570 (33 bytes)
1669161272.961918 sending message 105 to peer 0x557df1bb2570 (35 bytes)
1669161272.961921 sending message 105 to peer 0x557df1bb2570 (37 bytes)
1669161272.961923 sending message 105 to peer 0x557df1bb2570 (37 bytes)
1669161272.961925 sending message 105 to peer 0x557df1bb2570 (37 bytes)
1669161272.961927 sending message 105 to peer 0x557df1bb2570 (37 bytes)
1669161272.961929 sending message 105 to peer 0x557df1bb2570 (38 bytes)
1669161272.961931 sending message 105 to peer 0x557df1bb2570 (36 bytes)
1669161272.961933 sending message 105 to peer 0x557df1bb2570 (38 bytes)
1669161272.961935 sending message 105 to peer 0x557df1bb2570 (35 bytes)
1669161272.961937 sending message 105 to peer 0x557df1bb2570 (41 bytes)
1669161272.961939 sending message 105 to peer 0x557df1bb2570 (43 bytes)
1669161272.961941 sending message 105 to peer 0x557df1bb2570 (32 bytes)
1669161272.961943 sending message 105 to peer 0x557df1bb2570 (38 bytes)
1669161272.961947 sending message 105 to peer 0x557df1bb2570 (40 bytes)
1669161272.961949 sending message 105 to peer 0x557df1bb2570 (32 bytes)
1669161272.961951 sending message 105 to peer 0x557df1bb2570 (40 bytes)
1669161272.961953 sending message 105 to peer 0x557df1bb2570 (40 bytes)
1669161272.961955 sending message 105 to peer 0x557df1bb2570 (31 bytes)
1669161272.961957 sending message 105 to peer 0x557df1bb2570 (41 bytes)
1669161272.961959 sending message 105 to peer 0x557df1bb2570 (34 bytes)
1669161272.961961 sending message 105 to peer 0x557df1bb2570 (30 bytes)
1669161272.961963 sending message 105 to peer 0x557df1bb2570 (38 bytes)
1669161272.961965 sending message 105 to peer 0x557df1bb2570 (39 bytes)
1669161272.961967 sending message 105 to peer 0x557df1bb2570 (48 bytes)
1669161272.961969 sending message 105 to peer 0x557df1bb2570 (49 bytes)
1669161272.961972 sending message 105 to peer 0x557df1bb2570 (41 bytes)
1669161272.961973 sending message 105 to peer 0x557df1bb2570 (42 bytes)
1669161272.961976 sending message 105 to peer 0x557df1bb2570 (37 bytes)
1669161272.961978 sending message 105 to peer 0x557df1bb2570 (38 bytes)
1669161272.961980 sending message 105 to peer 0x557df1bb2570 (47 bytes)
1669161272.961985 sending message 105 to peer 0x557df1bb2570 (48 bytes)
1669161272.961987 sending message 105 to peer 0x557df1bb2570 (41 bytes)
1669161272.961989 sending message 105 to peer 0x557df1bb2570 (47 bytes)
1669161272.961991 sending message 105 to peer 0x557df1bb2570 (49 bytes)
1669161272.961993 sending message 105 to peer 0x557df1bb2570 (33 bytes)
1669161272.961995 sending message 105 to peer 0x557df1bb2570 (43 bytes)
1669161272.961998 sending message 105 to peer 0x557df1bb2570 (44 bytes)
1669161272.962000 sending message 105 to peer 0x557df1bb2570 (42 bytes)
1669161272.962002 sending message 105 to peer 0x557df1bb2570 (42 bytes)
1669161272.962004 sending message 105 to peer 0x557df1bb2570 (42 bytes)
1669161272.962006 sending message 105 to peer 0x557df1bb2570 (42 bytes)
1669161272.962008 sending message 105 to peer 0x557df1bb2570 (41 bytes)
1669161272.962010 sending message 105 to peer 0x557df1bb2570 (41 bytes)
1669161272.962012 sending message 105 to peer 0x557df1bb2570 (40 bytes)
1669161272.962014 sending message 105 to peer 0x557df1bb2570 (39 bytes)
1669161272.962016 sending message 105 to peer 0x557df1bb2570 (40 bytes)
1669161272.962018 sending message 105 to peer 0x557df1bb2570 (41 bytes)
1669161272.962020 sending message 105 to peer 0x557df1bb2570 (41 bytes)
1669161272.962022 sending message 105 to peer 0x557df1bb2570 (41 bytes)
1669161272.962024 sending message 105 to peer 0x557df1bb2570 (40 bytes)
1669161272.962026 sending message 105 to peer 0x557df1bb2570 (41 bytes)
1669161272.962029 sending message 105 to peer 0x557df1bb2570 (41 bytes)
1669161272.962031 sending message 105 to peer 0x557df1bb2570 (41 bytes)
1669161272.962033 sending message 105 to peer 0x557df1bb2570 (43 bytes)
1669161272.962036 sending message 105 to peer 0x557df1bb2570 (43 bytes)
1669161272.962038 sending message 105 to peer 0x557df1bb2570 (36 bytes)
1669161272.962040 sending message 105 to peer 0x557df1bb2570 (18 bytes)
1669161272.962042 sending message 105 to peer 0x557df1bb2570 (47 bytes)
1669161272.962044 sending message 105 to peer 0x557df1bb2570 (25 bytes)
1669161272.962046 sending message 105 to peer 0x557df1bb2570 (24 bytes)
1669161272.962048 sending message 105 to peer 0x557df1bb2570 (37 bytes)
1669161272.962050 sending message 105 to peer 0x557df1bb2570 (35 bytes)
1669161272.962053 sending message 105 to peer 0x557df1bb2570 (8 bytes)
1669161272.962054 sending message 105 to peer 0x557df1bb2570 (32 bytes)
1669161272.962057 sending message 105 to peer 0x557df1bb2570 (19 bytes)
1669161272.962059 sending message 105 to peer 0x557df1bb2570 (20 bytes)
1669161272.962061 sending message 105 to peer 0x557df1bb2570 (11 bytes)
1669161272.962063 sending message 105 to peer 0x557df1bb2570 (63 bytes)
1669161272.962065 sending message 105 to peer 0x557df1bb2570 (43 bytes)
1669161272.962068 sending message 105 to peer 0x557df1bb2570 (20 bytes)
1669161272.962070 sending message 105 to peer 0x557df1bb2570 (28 bytes)
1669161272.962072 sending message 105 to peer 0x557df1bb2570 (20 bytes)
1669161272.962074 sending message 105 to peer 0x557df1bb2570 (73 bytes)
1669161272.962076 sending message 105 to peer 0x557df1bb2570 (45 bytes)
1669161272.962078 sending message 105 to peer 0x557df1bb2570 (63 bytes)
1669161272.962080 sending message 105 to peer 0x557df1bb2570 (90 bytes)
1669161272.962083 sending message 105 to peer 0x557df1bb2570 (64 bytes)
1669161272.962086 sending message 105 to peer 0x557df1bb2570 (19 bytes)
1669161272.962087 sending message 105 to peer 0x557df1bb2570 (22 bytes)
1669161272.962090 sending message 105 to peer 0x557df1bb2570 (27 bytes)
1669161272.962092 sending message 105 to peer 0x557df1bb2570 (17 bytes)
1669161272.962094 sending message 105 to peer 0x557df1bb2570 (13 bytes)
1669161272.962096 sending message 105 to peer 0x557df1bb2570 (8 bytes)
1669161272.962098 sending message 105 to peer 0x557df1bb2570 (17 bytes)
1669161272.962100 sending message 105 to peer 0x557df1bb2570 (13 bytes)
1669161272.962102 sending message 105 to peer 0x557df1bb2570 (8 bytes)
1669161272.962104 sending message 105 to peer 0x557df1bb2570 (17 bytes)
1669161272.962108 sending message 105 to peer 0x557df1bb2570 (13 bytes)
1669161272.962110 sending message 105 to peer 0x557df1bb2570 (8 bytes)
1669161272.962112 sending message 105 to peer 0x557df1bb2570 (17 bytes)
1669161272.962115 sending message 105 to peer 0x557df1bb2570 (13 bytes)
1669161272.962116 sending message 105 to peer 0x557df1bb2570 (8 bytes)
1669161272.962119 sending message 105 to peer 0x557df1bb2570 (17 bytes)
1669161272.962121 sending message 105 to peer 0x557df1bb2570 (13 bytes)
1669161272.962123 sending message 105 to peer 0x557df1bb2570 (8 bytes)
1669161272.962125 sending message 105 to peer 0x557df1bb2570 (17 bytes)
1669161272.962127 sending message 105 to peer 0x557df1bb2570 (13 bytes)
1669161272.962129 sending message 105 to peer 0x557df1bb2570 (8 bytes)
1669161272.962131 sending message 105 to peer 0x557df1bb2570 (17 bytes)
1669161272.962133 sending message 105 to peer 0x557df1bb2570 (13 bytes)
1669161272.962135 sending message 105 to peer 0x557df1bb2570 (8 bytes)
1669161272.962138 sending message 105 to peer 0x557df1bb2570 (17 bytes)
1669161272.962139 sending message 105 to peer 0x557df1bb2570 (13 bytes)
1669161272.962142 sending message 105 to peer 0x557df1bb2570 (8 bytes)
1669161272.962144 sending message 105 to peer 0x557df1bb2570 (17 bytes)
1669161272.962147 sending message 105 to peer 0x557df1bb2570 (13 bytes)
1669161272.962149 sending message 105 to peer 0x557df1bb2570 (8 bytes)
1669161272.962151 sending message 105 to peer 0x557df1bb2570 (17 bytes)
1669161272.962153 sending message 105 to peer 0x557df1bb2570 (9 bytes)
1669161272.962155 sending message 105 to peer 0x557df1bb2570 (14 bytes)
1669161272.962157 sending message 105 to peer 0x557df1bb2570 (18 bytes)
1669161272.962159 sending message 105 to peer 0x557df1bb2570 (14 bytes)
1669161272.962161 sending message 105 to peer 0x557df1bb2570 (17 bytes)
1669161272.962163 sending message 105 to peer 0x557df1bb2570 (39 bytes)
1669161272.962165 sending message 105 to peer 0x557df1bb2570 (40 bytes)
1669161272.962167 sending message 105 to peer 0x557df1bb2570 (40 bytes)
1669161272.962169 sending message 105 to peer 0x557df1bb2570 (55 bytes)
1669161272.962171 sending message 105 to peer 0x557df1bb2570 (48 bytes)
1669161272.962174 sending message 105 to peer 0x557df1bb2570 (52 bytes)
1669161272.962176 sending message 105 to peer 0x557df1bb2570 (57 bytes)
1669161272.962178 sending message 105 to peer 0x557df1bb2570 (68 bytes)
1669161272.962180 sending message 105 to peer 0x557df1bb2570 (72 bytes)
1669161272.962183 sending message 105 to peer 0x557df1bb2570 (37 bytes)
1669161272.962185 sending message 105 to peer 0x557df1bb2570 (58 bytes)
1669161272.962187 sending message 105 to peer 0x557df1bb2570 (71 bytes)
1669161272.962189 sending message 105 to peer 0x557df1bb2570 (71 bytes)
1669161272.962191 sending message 105 to peer 0x557df1bb2570 (56 bytes)
1669161272.962193 sending message 105 to peer 0x557df1bb2570 (55 bytes)
1669161272.962196 sending message 105 to peer 0x557df1bb2570 (14 bytes)
1669161272.962198 sending message 105 to peer 0x557df1bb2570 (1519 bytes)
1669161272.962200 sending message 105 to peer 0x557df1bb2570 (17 bytes)
1669161272.962202 sending message 105 to peer 0x557df1bb2570 (23 bytes)
1669161272.962204 sending message 105 to peer 0x557df1bb2570 (38 bytes)
1669161272.962206 sending message 105 to peer 0x557df1bb2570 (120 bytes)
1669161272.962208 sending message 105 to peer 0x557df1bb2570 (12 bytes)
1669161272.962211 sending message 105 to peer 0x557df1bb2570 (21 bytes)
1669161272.962213 sending message 106 to peer 0x557df1bb2570 (0 bytes)
1669161272.962218 cmd_pack_argv: argv[0]=new-session
1669161272.962220 cmd_pack_argv: argv[1]=-A
1669161272.962221 cmd_pack_argv: argv[2]=-s
1669161272.962223 cmd_pack_argv: argv[3]=luxcium-io
1669161272.962225 cmd_pack_argv: argv[4]=-c
1669161272.962226 cmd_pack_argv: argv[5]=/home/luxcium/dev/luxcium-projects/luxcium.io
1669161272.962229 sending message 200 to peer 0x557df1bb2570 (82 bytes)
1669161272.962231 client loop enter
1669161272.965678 peer 0x557df1bb2570 message 207
1669161272.965726 sending message 208 to peer 0x557df1bb2570 (0 bytes)
1669169869.407239 client_signal: Terminated
1669169869.407253 sending message 205 to peer 0x557df1bb2570 (0 bytes)
1669169869.407258 client_signal: Continued
1669169869.407261 sending message 216 to peer 0x557df1bb2570 (0 bytes)
1669169869.422616 client_signal: Hangup
1669169869.422647 sending message 205 to peer 0x557df1bb2570 (0 bytes)
1669169869.422652 client_signal: Continued
1669169869.422654 sending message 216 to peer 0x557df1bb2570 (0 bytes)
1669169869.431082 client loop exit
