1591860747.990289 client started (18021): version 3.0a, socket /tmp//tmux-1000/default, protocol 8
1591860747.990328 on Linux 5.6.16-300.fc32.x86_64 #1 SMP Thu Jun 4 18:08:38 UTC 2020; libevent 2.1.8-stable (poll)
1591860747.990352 socket is /tmp//tmux-1000/default
1591860747.990461 trying connect
1591860747.990483 connect failed: No such file or directory
1591860747.990495 lock file is /tmp//tmux-1000/default.lock
1591860747.990540 flock succeeded
1591860747.990546 got lock (8)
1591860747.990643 trying connect
1591860747.990657 connect failed: No such file or directory
1591860747.991096 add peer 0x559feeb899b0: 9 ((nil))
1591860747.991416 sending message 100 to peer 0x559feeb899b0 (4 bytes)
1591860747.991430 sending message 101 to peer 0x559feeb899b0 (15 bytes)
1591860747.991439 sending message 102 to peer 0x559feeb899b0 (11 bytes)
1591860747.991445 sending message 108 to peer 0x559feeb899b0 (22 bytes)
1591860747.991452 sending message 104 to peer 0x559feeb899b0 (0 bytes)
1591860747.991458 sending message 107 to peer 0x559feeb899b0 (4 bytes)
1591860747.991465 sending message 105 to peer 0x559feeb899b0 (16 bytes)
1591860747.991472 sending message 105 to peer 0x559feeb899b0 (33 bytes)
1591860747.991480 sending message 105 to peer 0x559feeb899b0 (32 bytes)
1591860747.991486 sending message 105 to peer 0x559feeb899b0 (78 bytes)
1591860747.991493 sending message 105 to peer 0x559feeb899b0 (32 bytes)
1591860747.991499 sending message 105 to peer 0x559feeb899b0 (10 bytes)
1591860747.991505 sending message 105 to peer 0x559feeb899b0 (74 bytes)
1591860747.991512 sending message 105 to peer 0x559feeb899b0 (93 bytes)
1591860747.991519 sending message 105 to peer 0x559feeb899b0 (31 bytes)
1591860747.991526 sending message 105 to peer 0x559feeb899b0 (20 bytes)
1591860747.991533 sending message 105 to peer 0x559feeb899b0 (14 bytes)
1591860747.991540 sending message 105 to peer 0x559feeb899b0 (13 bytes)
1591860747.991547 sending message 105 to peer 0x559feeb899b0 (16 bytes)
1591860747.991553 sending message 105 to peer 0x559feeb899b0 (39 bytes)
1591860747.991560 sending message 105 to peer 0x559feeb899b0 (73 bytes)
1591860747.991568 sending message 105 to peer 0x559feeb899b0 (18 bytes)
1591860747.991574 sending message 105 to peer 0x559feeb899b0 (15 bytes)
1591860747.991580 sending message 105 to peer 0x559feeb899b0 (16 bytes)
1591860747.991587 sending message 105 to peer 0x559feeb899b0 (8 bytes)
1591860747.991594 sending message 105 to peer 0x559feeb899b0 (63 bytes)
1591860747.991601 sending message 105 to peer 0x559feeb899b0 (58 bytes)
1591860747.991659 sending message 105 to peer 0x559feeb899b0 (40 bytes)
1591860747.991671 sending message 105 to peer 0x559feeb899b0 (23 bytes)
1591860747.991679 sending message 105 to peer 0x559feeb899b0 (17 bytes)
1591860747.991687 sending message 105 to peer 0x559feeb899b0 (21 bytes)
1591860747.991694 sending message 105 to peer 0x559feeb899b0 (28 bytes)
1591860747.991703 sending message 105 to peer 0x559feeb899b0 (20 bytes)
1591860747.991709 sending message 105 to peer 0x559feeb899b0 (12 bytes)
1591860747.991717 sending message 105 to peer 0x559feeb899b0 (34 bytes)
1591860747.991724 sending message 105 to peer 0x559feeb899b0 (72 bytes)
1591860747.991731 sending message 105 to peer 0x559feeb899b0 (18 bytes)
1591860747.991738 sending message 105 to peer 0x559feeb899b0 (36 bytes)
1591860747.991746 sending message 105 to peer 0x559feeb899b0 (53 bytes)
1591860747.991753 sending message 105 to peer 0x559feeb899b0 (7 bytes)
1591860747.991760 sending message 105 to peer 0x559feeb899b0 (15 bytes)
1591860747.991768 sending message 105 to peer 0x559feeb899b0 (44 bytes)
1591860747.991774 sending message 105 to peer 0x559feeb899b0 (50 bytes)
1591860747.991781 sending message 105 to peer 0x559feeb899b0 (48 bytes)
1591860747.991788 sending message 105 to peer 0x559feeb899b0 (35 bytes)
1591860747.991796 sending message 105 to peer 0x559feeb899b0 (74 bytes)
1591860747.991803 sending message 105 to peer 0x559feeb899b0 (42 bytes)
1591860747.991811 sending message 105 to peer 0x559feeb899b0 (36 bytes)
1591860747.991819 sending message 105 to peer 0x559feeb899b0 (27 bytes)
1591860747.991834 sending message 105 to peer 0x559feeb899b0 (20 bytes)
1591860747.991841 sending message 105 to peer 0x559feeb899b0 (59 bytes)
1591860747.991849 sending message 105 to peer 0x559feeb899b0 (16 bytes)
1591860747.991855 sending message 105 to peer 0x559feeb899b0 (18 bytes)
1591860747.991863 sending message 105 to peer 0x559feeb899b0 (33 bytes)
1591860747.991870 sending message 105 to peer 0x559feeb899b0 (31 bytes)
1591860747.991878 sending message 105 to peer 0x559feeb899b0 (15 bytes)
1591860747.991885 sending message 105 to peer 0x559feeb899b0 (65 bytes)
1591860747.991892 sending message 105 to peer 0x559feeb899b0 (38 bytes)
1591860747.991899 sending message 105 to peer 0x559feeb899b0 (18 bytes)
1591860747.991905 sending message 105 to peer 0x559feeb899b0 (41 bytes)
1591860747.991911 sending message 105 to peer 0x559feeb899b0 (14 bytes)
1591860747.991919 sending message 105 to peer 0x559feeb899b0 (55 bytes)
1591860747.991927 sending message 105 to peer 0x559feeb899b0 (38 bytes)
1591860747.991934 sending message 105 to peer 0x559feeb899b0 (28 bytes)
1591860747.991942 sending message 105 to peer 0x559feeb899b0 (87 bytes)
1591860747.991949 sending message 105 to peer 0x559feeb899b0 (29 bytes)
1591860747.991955 sending message 105 to peer 0x559feeb899b0 (38 bytes)
1591860747.991962 sending message 105 to peer 0x559feeb899b0 (86 bytes)
1591860747.991969 sending message 105 to peer 0x559feeb899b0 (37 bytes)
1591860747.991976 sending message 105 to peer 0x559feeb899b0 (37 bytes)
1591860747.991984 sending message 105 to peer 0x559feeb899b0 (83 bytes)
1591860747.991991 sending message 105 to peer 0x559feeb899b0 (47 bytes)
1591860747.991999 sending message 105 to peer 0x559feeb899b0 (164 bytes)
1591860747.992010 sending message 105 to peer 0x559feeb899b0 (48 bytes)
1591860747.992018 sending message 105 to peer 0x559feeb899b0 (78 bytes)
1591860747.992024 sending message 105 to peer 0x559feeb899b0 (87 bytes)
1591860747.992032 sending message 105 to peer 0x559feeb899b0 (39 bytes)
1591860747.992040 sending message 105 to peer 0x559feeb899b0 (87 bytes)
1591860747.992047 sending message 105 to peer 0x559feeb899b0 (87 bytes)
1591860747.992055 sending message 105 to peer 0x559feeb899b0 (12 bytes)
1591860747.992062 sending message 105 to peer 0x559feeb899b0 (17 bytes)
1591860747.992068 sending message 105 to peer 0x559feeb899b0 (54 bytes)
1591860747.992075 sending message 105 to peer 0x559feeb899b0 (45 bytes)
1591860747.992092 sending message 105 to peer 0x559feeb899b0 (50 bytes)
1591860747.992104 sending message 105 to peer 0x559feeb899b0 (37 bytes)
1591860747.992111 sending message 105 to peer 0x559feeb899b0 (73 bytes)
1591860747.992118 sending message 105 to peer 0x559feeb899b0 (15 bytes)
1591860747.992126 sending message 105 to peer 0x559feeb899b0 (18 bytes)
1591860747.992132 sending message 105 to peer 0x559feeb899b0 (40 bytes)
1591860747.992139 sending message 105 to peer 0x559feeb899b0 (45 bytes)
1591860747.992146 sending message 105 to peer 0x559feeb899b0 (15 bytes)
1591860747.992152 sending message 105 to peer 0x559feeb899b0 (42 bytes)
1591860747.992160 sending message 105 to peer 0x559feeb899b0 (71 bytes)
1591860747.992168 sending message 105 to peer 0x559feeb899b0 (41 bytes)
1591860747.992175 sending message 105 to peer 0x559feeb899b0 (42 bytes)
1591860747.992183 sending message 105 to peer 0x559feeb899b0 (21 bytes)
1591860747.992189 sending message 105 to peer 0x559feeb899b0 (40 bytes)
1591860747.992197 sending message 105 to peer 0x559feeb899b0 (75 bytes)
1591860747.992204 sending message 105 to peer 0x559feeb899b0 (18 bytes)
1591860747.992212 sending message 105 to peer 0x559feeb899b0 (20 bytes)
1591860747.992219 sending message 105 to peer 0x559feeb899b0 (44 bytes)
1591860747.992226 sending message 105 to peer 0x559feeb899b0 (57 bytes)
1591860747.992233 sending message 105 to peer 0x559feeb899b0 (16 bytes)
1591860747.992240 sending message 105 to peer 0x559feeb899b0 (19 bytes)
1591860747.992247 sending message 105 to peer 0x559feeb899b0 (41 bytes)
1591860747.992254 sending message 105 to peer 0x559feeb899b0 (52 bytes)
1591860747.992266 sending message 105 to peer 0x559feeb899b0 (38 bytes)
1591860747.992274 sending message 105 to peer 0x559feeb899b0 (53 bytes)
1591860747.992282 sending message 105 to peer 0x559feeb899b0 (15 bytes)
1591860747.992289 sending message 105 to peer 0x559feeb899b0 (15 bytes)
1591860747.992296 sending message 105 to peer 0x559feeb899b0 (55 bytes)
1591860747.992304 sending message 105 to peer 0x559feeb899b0 (55 bytes)
1591860747.992311 sending message 105 to peer 0x559feeb899b0 (25 bytes)
1591860747.992318 sending message 105 to peer 0x559feeb899b0 (38 bytes)
1591860747.992324 sending message 105 to peer 0x559feeb899b0 (31 bytes)
1591860747.992331 sending message 105 to peer 0x559feeb899b0 (81 bytes)
1591860747.992339 sending message 105 to peer 0x559feeb899b0 (23 bytes)
1591860747.992346 sending message 105 to peer 0x559feeb899b0 (52 bytes)
1591860747.992354 sending message 105 to peer 0x559feeb899b0 (16 bytes)
1591860747.992362 sending message 105 to peer 0x559feeb899b0 (44 bytes)
1591860747.992369 sending message 105 to peer 0x559feeb899b0 (15 bytes)
1591860747.992376 sending message 105 to peer 0x559feeb899b0 (16 bytes)
1591860747.992383 sending message 105 to peer 0x559feeb899b0 (38 bytes)
1591860747.992391 sending message 105 to peer 0x559feeb899b0 (10 bytes)
1591860747.992398 sending message 105 to peer 0x559feeb899b0 (16 bytes)
1591860747.992405 sending message 105 to peer 0x559feeb899b0 (16 bytes)
1591860747.992413 sending message 105 to peer 0x559feeb899b0 (16 bytes)
1591860747.992420 sending message 105 to peer 0x559feeb899b0 (43 bytes)
1591860747.992427 sending message 105 to peer 0x559feeb899b0 (15 bytes)
1591860747.992433 sending message 105 to peer 0x559feeb899b0 (53 bytes)
1591860747.992440 sending message 105 to peer 0x559feeb899b0 (15 bytes)
1591860747.992447 sending message 105 to peer 0x559feeb899b0 (19 bytes)
1591860747.992455 sending message 105 to peer 0x559feeb899b0 (73 bytes)
1591860747.992463 sending message 105 to peer 0x559feeb899b0 (60 bytes)
1591860747.992470 sending message 105 to peer 0x559feeb899b0 (26 bytes)
1591860747.992478 sending message 105 to peer 0x559feeb899b0 (86 bytes)
1591860747.992485 sending message 105 to peer 0x559feeb899b0 (16 bytes)
1591860747.992492 sending message 105 to peer 0x559feeb899b0 (25 bytes)
1591860747.992499 sending message 105 to peer 0x559feeb899b0 (24 bytes)
1591860747.992507 sending message 105 to peer 0x559feeb899b0 (16 bytes)
1591860747.992515 sending message 105 to peer 0x559feeb899b0 (42 bytes)
1591860747.992522 sending message 105 to peer 0x559feeb899b0 (21 bytes)
1591860747.992529 sending message 105 to peer 0x559feeb899b0 (46 bytes)
1591860747.992536 sending message 105 to peer 0x559feeb899b0 (42 bytes)
1591860747.992544 sending message 105 to peer 0x559feeb899b0 (75 bytes)
1591860747.992551 sending message 105 to peer 0x559feeb899b0 (42 bytes)
1591860747.992557 sending message 105 to peer 0x559feeb899b0 (28 bytes)
1591860747.992564 sending message 105 to peer 0x559feeb899b0 (33 bytes)
1591860747.992572 sending message 105 to peer 0x559feeb899b0 (8 bytes)
1591860747.992580 sending message 105 to peer 0x559feeb899b0 (22 bytes)
1591860747.992587 sending message 105 to peer 0x559feeb899b0 (40 bytes)
1591860747.992594 sending message 105 to peer 0x559feeb899b0 (14 bytes)
1591860747.992602 sending message 105 to peer 0x559feeb899b0 (35 bytes)
1591860747.992608 sending message 105 to peer 0x559feeb899b0 (16 bytes)
1591860747.992616 sending message 105 to peer 0x559feeb899b0 (58 bytes)
1591860747.992623 sending message 105 to peer 0x559feeb899b0 (15 bytes)
1591860747.992630 sending message 105 to peer 0x559feeb899b0 (83 bytes)
1591860747.992638 sending message 105 to peer 0x559feeb899b0 (16 bytes)
1591860747.992645 sending message 105 to peer 0x559feeb899b0 (21 bytes)
1591860747.992652 sending message 105 to peer 0x559feeb899b0 (49 bytes)
1591860747.992659 sending message 105 to peer 0x559feeb899b0 (30 bytes)
1591860747.992666 sending message 105 to peer 0x559feeb899b0 (22 bytes)
1591860747.992678 sending message 105 to peer 0x559feeb899b0 (26 bytes)
1591860747.992685 sending message 105 to peer 0x559feeb899b0 (11 bytes)
1591860747.992692 sending message 105 to peer 0x559feeb899b0 (14 bytes)
1591860747.992699 sending message 105 to peer 0x559feeb899b0 (17 bytes)
1591860747.992706 sending message 105 to peer 0x559feeb899b0 (37 bytes)
1591860747.992714 sending message 105 to peer 0x559feeb899b0 (15 bytes)
1591860747.992721 sending message 105 to peer 0x559feeb899b0 (38 bytes)
1591860747.992729 sending message 105 to peer 0x559feeb899b0 (15 bytes)
1591860747.992736 sending message 105 to peer 0x559feeb899b0 (15 bytes)
1591860747.992743 sending message 105 to peer 0x559feeb899b0 (17 bytes)
1591860747.992750 sending message 105 to peer 0x559feeb899b0 (5 bytes)
1591860747.992758 sending message 105 to peer 0x559feeb899b0 (17 bytes)
1591860747.992765 sending message 105 to peer 0x559feeb899b0 (45 bytes)
1591860747.992772 sending message 105 to peer 0x559feeb899b0 (17 bytes)
1591860747.992780 sending message 105 to peer 0x559feeb899b0 (17 bytes)
1591860747.992787 sending message 105 to peer 0x559feeb899b0 (15 bytes)
1591860747.992794 sending message 105 to peer 0x559feeb899b0 (17 bytes)
1591860747.992801 sending message 105 to peer 0x559feeb899b0 (15 bytes)
1591860747.992808 sending message 105 to peer 0x559feeb899b0 (17 bytes)
1591860747.992815 sending message 105 to peer 0x559feeb899b0 (28 bytes)
1591860747.992823 sending message 105 to peer 0x559feeb899b0 (17 bytes)
1591860747.992831 sending message 105 to peer 0x559feeb899b0 (42 bytes)
1591860747.992839 sending message 105 to peer 0x559feeb899b0 (50 bytes)
1591860747.992846 sending message 105 to peer 0x559feeb899b0 (36 bytes)
1591860747.992854 sending message 105 to peer 0x559feeb899b0 (15 bytes)
1591860747.992862 sending message 105 to peer 0x559feeb899b0 (17 bytes)
1591860747.992870 sending message 105 to peer 0x559feeb899b0 (15 bytes)
1591860747.992877 sending message 105 to peer 0x559feeb899b0 (15 bytes)
1591860747.992885 sending message 105 to peer 0x559feeb899b0 (17 bytes)
1591860747.992892 sending message 105 to peer 0x559feeb899b0 (67 bytes)
1591860747.992899 sending message 105 to peer 0x559feeb899b0 (61 bytes)
1591860747.992906 sending message 105 to peer 0x559feeb899b0 (34 bytes)
1591860747.992913 sending message 105 to peer 0x559feeb899b0 (17 bytes)
1591860747.992920 sending message 105 to peer 0x559feeb899b0 (17 bytes)
1591860747.992927 sending message 105 to peer 0x559feeb899b0 (15 bytes)
1591860747.992935 sending message 105 to peer 0x559feeb899b0 (39 bytes)
1591860747.992942 sending message 105 to peer 0x559feeb899b0 (44 bytes)
1591860747.992950 sending message 105 to peer 0x559feeb899b0 (17 bytes)
1591860747.992957 sending message 105 to peer 0x559feeb899b0 (49 bytes)
1591860747.992964 sending message 105 to peer 0x559feeb899b0 (17 bytes)
1591860747.992971 sending message 105 to peer 0x559feeb899b0 (74 bytes)
1591860747.992978 sending message 105 to peer 0x559feeb899b0 (31 bytes)
1591860747.992986 sending message 105 to peer 0x559feeb899b0 (17 bytes)
1591860747.992993 sending message 105 to peer 0x559feeb899b0 (19 bytes)
1591860747.993000 sending message 105 to peer 0x559feeb899b0 (17 bytes)
1591860747.993008 sending message 105 to peer 0x559feeb899b0 (61 bytes)
1591860747.993015 sending message 105 to peer 0x559feeb899b0 (75 bytes)
1591860747.993023 sending message 105 to peer 0x559feeb899b0 (67 bytes)
1591860747.993030 sending message 105 to peer 0x559feeb899b0 (37 bytes)
1591860747.993038 sending message 105 to peer 0x559feeb899b0 (33 bytes)
1591860747.993045 sending message 105 to peer 0x559feeb899b0 (47 bytes)
1591860747.993053 sending message 105 to peer 0x559feeb899b0 (17 bytes)
1591860747.993060 sending message 105 to peer 0x559feeb899b0 (15 bytes)
1591860747.993067 sending message 105 to peer 0x559feeb899b0 (14 bytes)
1591860747.993074 sending message 105 to peer 0x559feeb899b0 (43 bytes)
1591860747.993092 sending message 105 to peer 0x559feeb899b0 (14 bytes)
1591860747.993102 sending message 105 to peer 0x559feeb899b0 (36 bytes)
1591860747.993116 sending message 105 to peer 0x559feeb899b0 (71 bytes)
1591860747.993124 sending message 105 to peer 0x559feeb899b0 (1770 bytes)
1591860747.993150 sending message 105 to peer 0x559feeb899b0 (24 bytes)
1591860747.993157 sending message 105 to peer 0x559feeb899b0 (45 bytes)
1591860747.993164 sending message 105 to peer 0x559feeb899b0 (47 bytes)
1591860747.993171 sending message 105 to peer 0x559feeb899b0 (81 bytes)
1591860747.993178 sending message 105 to peer 0x559feeb899b0 (15 bytes)
1591860747.993185 sending message 105 to peer 0x559feeb899b0 (19 bytes)
1591860747.993193 sending message 105 to peer 0x559feeb899b0 (44 bytes)
1591860747.993200 sending message 105 to peer 0x559feeb899b0 (38 bytes)
1591860747.993207 sending message 105 to peer 0x559feeb899b0 (17 bytes)
1591860747.993214 sending message 105 to peer 0x559feeb899b0 (53 bytes)
1591860747.993221 sending message 105 to peer 0x559feeb899b0 (18 bytes)
1591860747.993228 sending message 105 to peer 0x559feeb899b0 (31 bytes)
1591860747.993235 sending message 105 to peer 0x559feeb899b0 (57 bytes)
1591860747.993242 sending message 105 to peer 0x559feeb899b0 (29 bytes)
1591860747.993250 sending message 105 to peer 0x559feeb899b0 (36 bytes)
1591860747.993257 sending message 105 to peer 0x559feeb899b0 (20 bytes)
1591860747.993265 sending message 105 to peer 0x559feeb899b0 (18 bytes)
1591860747.993272 sending message 105 to peer 0x559feeb899b0 (43 bytes)
1591860747.993279 sending message 105 to peer 0x559feeb899b0 (57 bytes)
1591860747.993286 sending message 105 to peer 0x559feeb899b0 (47 bytes)
1591860747.993293 sending message 105 to peer 0x559feeb899b0 (30 bytes)
1591860747.993300 sending message 105 to peer 0x559feeb899b0 (73 bytes)
1591860747.993308 sending message 105 to peer 0x559feeb899b0 (52 bytes)
1591860747.993315 sending message 105 to peer 0x559feeb899b0 (86 bytes)
1591860747.993323 sending message 105 to peer 0x559feeb899b0 (135 bytes)
1591860747.993330 sending message 105 to peer 0x559feeb899b0 (69 bytes)
1591860747.993337 sending message 105 to peer 0x559feeb899b0 (32 bytes)
1591860747.993344 sending message 105 to peer 0x559feeb899b0 (46 bytes)
1591860747.993351 sending message 105 to peer 0x559feeb899b0 (61 bytes)
1591860747.993358 sending message 105 to peer 0x559feeb899b0 (36 bytes)
1591860747.993365 sending message 105 to peer 0x559feeb899b0 (36 bytes)
1591860747.993373 sending message 105 to peer 0x559feeb899b0 (11 bytes)
1591860747.993381 sending message 105 to peer 0x559feeb899b0 (36 bytes)
1591860747.993388 sending message 105 to peer 0x559feeb899b0 (18 bytes)
1591860747.993395 sending message 105 to peer 0x559feeb899b0 (18 bytes)
1591860747.993402 sending message 105 to peer 0x559feeb899b0 (40 bytes)
1591860747.993409 sending message 105 to peer 0x559feeb899b0 (40 bytes)
1591860747.993416 sending message 105 to peer 0x559feeb899b0 (39 bytes)
1591860747.993423 sending message 105 to peer 0x559feeb899b0 (37 bytes)
1591860747.993431 sending message 105 to peer 0x559feeb899b0 (20 bytes)
1591860747.993438 sending message 105 to peer 0x559feeb899b0 (41 bytes)
1591860747.993446 sending message 105 to peer 0x559feeb899b0 (13 bytes)
1591860747.993453 sending message 105 to peer 0x559feeb899b0 (32 bytes)
1591860747.993460 sending message 105 to peer 0x559feeb899b0 (21 bytes)
1591860747.993467 sending message 105 to peer 0x559feeb899b0 (41 bytes)
1591860747.993475 sending message 105 to peer 0x559feeb899b0 (13 bytes)
1591860747.993482 sending message 105 to peer 0x559feeb899b0 (23 bytes)
1591860747.993490 sending message 105 to peer 0x559feeb899b0 (15 bytes)
1591860747.993498 sending message 105 to peer 0x559feeb899b0 (62 bytes)
1591860747.993506 sending message 105 to peer 0x559feeb899b0 (40 bytes)
1591860747.993513 sending message 105 to peer 0x559feeb899b0 (28 bytes)
1591860747.993520 sending message 105 to peer 0x559feeb899b0 (40 bytes)
1591860747.993527 sending message 105 to peer 0x559feeb899b0 (13 bytes)
1591860747.993535 sending message 105 to peer 0x559feeb899b0 (17 bytes)
1591860747.993542 sending message 105 to peer 0x559feeb899b0 (15 bytes)
1591860747.993554 sending message 105 to peer 0x559feeb899b0 (43 bytes)
1591860747.993562 sending message 105 to peer 0x559feeb899b0 (21 bytes)
1591860747.993569 sending message 105 to peer 0x559feeb899b0 (50 bytes)
1591860747.993576 sending message 105 to peer 0x559feeb899b0 (58 bytes)
1591860747.993583 sending message 105 to peer 0x559feeb899b0 (47 bytes)
1591860747.993590 sending message 105 to peer 0x559feeb899b0 (58 bytes)
1591860747.993597 sending message 105 to peer 0x559feeb899b0 (58 bytes)
1591860747.993604 sending message 105 to peer 0x559feeb899b0 (15 bytes)
1591860747.993612 sending message 105 to peer 0x559feeb899b0 (39 bytes)
1591860747.993620 sending message 105 to peer 0x559feeb899b0 (27 bytes)
1591860747.993627 sending message 105 to peer 0x559feeb899b0 (30 bytes)
1591860747.993634 sending message 105 to peer 0x559feeb899b0 (14 bytes)
1591860747.993641 sending message 105 to peer 0x559feeb899b0 (28 bytes)
1591860747.993648 sending message 105 to peer 0x559feeb899b0 (59 bytes)
1591860747.993656 sending message 105 to peer 0x559feeb899b0 (13 bytes)
1591860747.993664 sending message 105 to peer 0x559feeb899b0 (16 bytes)
1591860747.993671 sending message 105 to peer 0x559feeb899b0 (48 bytes)
1591860747.993680 sending message 105 to peer 0x559feeb899b0 (42 bytes)
1591860747.993687 sending message 105 to peer 0x559feeb899b0 (18 bytes)
1591860747.993694 sending message 105 to peer 0x559feeb899b0 (62 bytes)
1591860747.993701 sending message 105 to peer 0x559feeb899b0 (41 bytes)
1591860747.993709 sending message 105 to peer 0x559feeb899b0 (18 bytes)
1591860747.993716 sending message 105 to peer 0x559feeb899b0 (23 bytes)
1591860747.993724 sending message 105 to peer 0x559feeb899b0 (30 bytes)
1591860747.993731 sending message 105 to peer 0x559feeb899b0 (48 bytes)
1591860747.993738 sending message 105 to peer 0x559feeb899b0 (18 bytes)
1591860747.993745 sending message 105 to peer 0x559feeb899b0 (41 bytes)
1591860747.993753 sending message 105 to peer 0x559feeb899b0 (20 bytes)
1591860747.993761 sending message 105 to peer 0x559feeb899b0 (34 bytes)
1591860747.993768 sending message 105 to peer 0x559feeb899b0 (64 bytes)
1591860747.993775 sending message 105 to peer 0x559feeb899b0 (13 bytes)
1591860747.993782 sending message 105 to peer 0x559feeb899b0 (11 bytes)
1591860747.993790 sending message 105 to peer 0x559feeb899b0 (17 bytes)
1591860747.993797 sending message 105 to peer 0x559feeb899b0 (13 bytes)
1591860747.993804 sending message 105 to peer 0x559feeb899b0 (43 bytes)
1591860747.993811 sending message 105 to peer 0x559feeb899b0 (19 bytes)
1591860747.993817 sending message 105 to peer 0x559feeb899b0 (27 bytes)
1591860747.993824 sending message 105 to peer 0x559feeb899b0 (35 bytes)
1591860747.993831 sending message 105 to peer 0x559feeb899b0 (15 bytes)
1591860747.993838 sending message 105 to peer 0x559feeb899b0 (15 bytes)
1591860747.993845 sending message 105 to peer 0x559feeb899b0 (13 bytes)
1591860747.993853 sending message 105 to peer 0x559feeb899b0 (15 bytes)
1591860747.993860 sending message 105 to peer 0x559feeb899b0 (14 bytes)
1591860747.993867 sending message 105 to peer 0x559feeb899b0 (20 bytes)
1591860747.993875 sending message 105 to peer 0x559feeb899b0 (15 bytes)
1591860747.993881 sending message 105 to peer 0x559feeb899b0 (71 bytes)
1591860747.993889 sending message 105 to peer 0x559feeb899b0 (15 bytes)
1591860747.993896 sending message 105 to peer 0x559feeb899b0 (64 bytes)
1591860747.993903 sending message 105 to peer 0x559feeb899b0 (15 bytes)
1591860747.993910 sending message 105 to peer 0x559feeb899b0 (15 bytes)
1591860747.993918 sending message 105 to peer 0x559feeb899b0 (37 bytes)
1591860747.993924 sending message 105 to peer 0x559feeb899b0 (15 bytes)
1591860747.993931 sending message 105 to peer 0x559feeb899b0 (30 bytes)
1591860747.993938 sending message 105 to peer 0x559feeb899b0 (14 bytes)
1591860747.993944 sending message 105 to peer 0x559feeb899b0 (50 bytes)
1591860747.993952 sending message 105 to peer 0x559feeb899b0 (41 bytes)
1591860747.993960 sending message 105 to peer 0x559feeb899b0 (52 bytes)
1591860747.993972 sending message 105 to peer 0x559feeb899b0 (22 bytes)
1591860747.993979 sending message 105 to peer 0x559feeb899b0 (18 bytes)
1591860747.993986 sending message 105 to peer 0x559feeb899b0 (37 bytes)
1591860747.993993 sending message 105 to peer 0x559feeb899b0 (38 bytes)
1591860747.993999 sending message 105 to peer 0x559feeb899b0 (40 bytes)
1591860747.994007 sending message 105 to peer 0x559feeb899b0 (46 bytes)
1591860747.994014 sending message 105 to peer 0x559feeb899b0 (17 bytes)
1591860747.994022 sending message 105 to peer 0x559feeb899b0 (71 bytes)
1591860747.994029 sending message 105 to peer 0x559feeb899b0 (68 bytes)
1591860747.994036 sending message 105 to peer 0x559feeb899b0 (33 bytes)
1591860747.994042 sending message 105 to peer 0x559feeb899b0 (19 bytes)
1591860747.994049 sending message 105 to peer 0x559feeb899b0 (11 bytes)
1591860747.994056 sending message 105 to peer 0x559feeb899b0 (26 bytes)
1591860747.994063 sending message 105 to peer 0x559feeb899b0 (8 bytes)
1591860747.994070 sending message 105 to peer 0x559feeb899b0 (14 bytes)
1591860747.994078 sending message 105 to peer 0x559feeb899b0 (15 bytes)
1591860747.994095 sending message 105 to peer 0x559feeb899b0 (89 bytes)
1591860747.994104 sending message 105 to peer 0x559feeb899b0 (35 bytes)
1591860747.994111 sending message 105 to peer 0x559feeb899b0 (40 bytes)
1591860747.994118 sending message 105 to peer 0x559feeb899b0 (48 bytes)
1591860747.994126 sending message 105 to peer 0x559feeb899b0 (11 bytes)
1591860747.994143 sending message 105 to peer 0x559feeb899b0 (15 bytes)
1591860747.994155 sending message 105 to peer 0x559feeb899b0 (40 bytes)
1591860747.994163 sending message 105 to peer 0x559feeb899b0 (13 bytes)
1591860747.994170 sending message 105 to peer 0x559feeb899b0 (15 bytes)
1591860747.994176 sending message 105 to peer 0x559feeb899b0 (14 bytes)
1591860747.994183 sending message 105 to peer 0x559feeb899b0 (71 bytes)
1591860747.994191 sending message 105 to peer 0x559feeb899b0 (41 bytes)
1591860747.994198 sending message 105 to peer 0x559feeb899b0 (13 bytes)
1591860747.994205 sending message 105 to peer 0x559feeb899b0 (17 bytes)
1591860747.994213 sending message 105 to peer 0x559feeb899b0 (63 bytes)
1591860747.994220 sending message 105 to peer 0x559feeb899b0 (46 bytes)
1591860747.994228 sending message 105 to peer 0x559feeb899b0 (41 bytes)
1591860747.994234 sending message 105 to peer 0x559feeb899b0 (11 bytes)
1591860747.994242 sending message 105 to peer 0x559feeb899b0 (18 bytes)
1591860747.994248 sending message 105 to peer 0x559feeb899b0 (15 bytes)
1591860747.994255 sending message 105 to peer 0x559feeb899b0 (78 bytes)
1591860747.994263 sending message 105 to peer 0x559feeb899b0 (66 bytes)
1591860747.994270 sending message 105 to peer 0x559feeb899b0 (17 bytes)
1591860747.994278 sending message 105 to peer 0x559feeb899b0 (17 bytes)
1591860747.994287 sending message 105 to peer 0x559feeb899b0 (41 bytes)
1591860747.994295 sending message 105 to peer 0x559feeb899b0 (43 bytes)
1591860747.994301 sending message 105 to peer 0x559feeb899b0 (64 bytes)
1591860747.994308 sending message 105 to peer 0x559feeb899b0 (16 bytes)
1591860747.994315 sending message 105 to peer 0x559feeb899b0 (51 bytes)
1591860747.994323 sending message 105 to peer 0x559feeb899b0 (15 bytes)
1591860747.994330 sending message 105 to peer 0x559feeb899b0 (18 bytes)
1591860747.994337 sending message 105 to peer 0x559feeb899b0 (61 bytes)
1591860747.994345 sending message 105 to peer 0x559feeb899b0 (40 bytes)
1591860747.994351 sending message 105 to peer 0x559feeb899b0 (65 bytes)
1591860747.994358 sending message 105 to peer 0x559feeb899b0 (31 bytes)
1591860747.994366 sending message 105 to peer 0x559feeb899b0 (17 bytes)
1591860747.994373 sending message 105 to peer 0x559feeb899b0 (137 bytes)
1591860747.994381 sending message 105 to peer 0x559feeb899b0 (15 bytes)
1591860747.994388 sending message 105 to peer 0x559feeb899b0 (30 bytes)
1591860747.994395 sending message 105 to peer 0x559feeb899b0 (24 bytes)
1591860747.994403 sending message 105 to peer 0x559feeb899b0 (16 bytes)
1591860747.994415 sending message 105 to peer 0x559feeb899b0 (55 bytes)
1591860747.994423 sending message 105 to peer 0x559feeb899b0 (23 bytes)
1591860747.994431 sending message 105 to peer 0x559feeb899b0 (18 bytes)
1591860747.994438 sending message 105 to peer 0x559feeb899b0 (70 bytes)
1591860747.994446 sending message 105 to peer 0x559feeb899b0 (42 bytes)
1591860747.994454 sending message 105 to peer 0x559feeb899b0 (26 bytes)
1591860747.994461 sending message 105 to peer 0x559feeb899b0 (47 bytes)
1591860747.994468 sending message 105 to peer 0x559feeb899b0 (10 bytes)
1591860747.994475 sending message 105 to peer 0x559feeb899b0 (21 bytes)
1591860747.994482 sending message 105 to peer 0x559feeb899b0 (44 bytes)
1591860747.994489 sending message 105 to peer 0x559feeb899b0 (16 bytes)
1591860747.994497 sending message 105 to peer 0x559feeb899b0 (41 bytes)
1591860747.994505 sending message 105 to peer 0x559feeb899b0 (13 bytes)
1591860747.994513 sending message 105 to peer 0x559feeb899b0 (52 bytes)
1591860747.994520 sending message 105 to peer 0x559feeb899b0 (90 bytes)
1591860747.994526 sending message 105 to peer 0x559feeb899b0 (30 bytes)
1591860747.994533 sending message 105 to peer 0x559feeb899b0 (51 bytes)
1591860747.994540 sending message 105 to peer 0x559feeb899b0 (15 bytes)
1591860747.994547 sending message 105 to peer 0x559feeb899b0 (26 bytes)
1591860747.994555 sending message 105 to peer 0x559feeb899b0 (122 bytes)
1591860747.994563 sending message 105 to peer 0x559feeb899b0 (60 bytes)
1591860747.994570 sending message 105 to peer 0x559feeb899b0 (22 bytes)
1591860747.994578 sending message 105 to peer 0x559feeb899b0 (12 bytes)
1591860747.994585 sending message 105 to peer 0x559feeb899b0 (32 bytes)
1591860747.994593 sending message 105 to peer 0x559feeb899b0 (502 bytes)
1591860747.994601 sending message 105 to peer 0x559feeb899b0 (41 bytes)
1591860747.994611 sending message 105 to peer 0x559feeb899b0 (16 bytes)
1591860747.994619 sending message 105 to peer 0x559feeb899b0 (70 bytes)
1591860747.994627 sending message 105 to peer 0x559feeb899b0 (146 bytes)
1591860747.994635 sending message 105 to peer 0x559feeb899b0 (40 bytes)
1591860747.994643 sending message 105 to peer 0x559feeb899b0 (75 bytes)
1591860747.994651 sending message 105 to peer 0x559feeb899b0 (76 bytes)
1591860747.994658 sending message 105 to peer 0x559feeb899b0 (41 bytes)
1591860747.994665 sending message 105 to peer 0x559feeb899b0 (29 bytes)
1591860747.994673 sending message 105 to peer 0x559feeb899b0 (33 bytes)
1591860747.994681 sending message 105 to peer 0x559feeb899b0 (22 bytes)
1591860747.994688 sending message 105 to peer 0x559feeb899b0 (54 bytes)
1591860747.994696 sending message 105 to peer 0x559feeb899b0 (43 bytes)
1591860747.994704 sending message 105 to peer 0x559feeb899b0 (18 bytes)
1591860747.994711 sending message 105 to peer 0x559feeb899b0 (15 bytes)
1591860747.994723 sending message 105 to peer 0x559feeb899b0 (43 bytes)
1591860747.994730 sending message 105 to peer 0x559feeb899b0 (16 bytes)
1591860747.994738 sending message 105 to peer 0x559feeb899b0 (29 bytes)
1591860747.994745 sending message 105 to peer 0x559feeb899b0 (70 bytes)
1591860747.994754 sending message 105 to peer 0x559feeb899b0 (79 bytes)
1591860747.994762 sending message 105 to peer 0x559feeb899b0 (16 bytes)
1591860747.994769 sending message 105 to peer 0x559feeb899b0 (28 bytes)
1591860747.994776 sending message 105 to peer 0x559feeb899b0 (15 bytes)
1591860747.994784 sending message 105 to peer 0x559feeb899b0 (18 bytes)
1591860747.994794 sending message 105 to peer 0x559feeb899b0 (25 bytes)
1591860747.994802 sending message 105 to peer 0x559feeb899b0 (15 bytes)
1591860747.994810 sending message 105 to peer 0x559feeb899b0 (61 bytes)
1591860747.994818 sending message 105 to peer 0x559feeb899b0 (15 bytes)
1591860747.994825 sending message 105 to peer 0x559feeb899b0 (16 bytes)
1591860747.994832 sending message 105 to peer 0x559feeb899b0 (15 bytes)
1591860747.994839 sending message 105 to peer 0x559feeb899b0 (15 bytes)
1591860747.994846 sending message 105 to peer 0x559feeb899b0 (42 bytes)
1591860747.994859 sending message 105 to peer 0x559feeb899b0 (15 bytes)
1591860747.994867 sending message 105 to peer 0x559feeb899b0 (15 bytes)
1591860747.994874 sending message 105 to peer 0x559feeb899b0 (15 bytes)
1591860747.994882 sending message 105 to peer 0x559feeb899b0 (18 bytes)
1591860747.994889 sending message 105 to peer 0x559feeb899b0 (17 bytes)
1591860747.994898 sending message 105 to peer 0x559feeb899b0 (15 bytes)
1591860747.994905 sending message 105 to peer 0x559feeb899b0 (15 bytes)
1591860747.994912 sending message 105 to peer 0x559feeb899b0 (49 bytes)
1591860747.994919 sending message 105 to peer 0x559feeb899b0 (57 bytes)
1591860747.994926 sending message 105 to peer 0x559feeb899b0 (18 bytes)
1591860747.994934 sending message 105 to peer 0x559feeb899b0 (75 bytes)
1591860747.994942 sending message 105 to peer 0x559feeb899b0 (48 bytes)
1591860747.994952 sending message 105 to peer 0x559feeb899b0 (43 bytes)
1591860747.994959 sending message 105 to peer 0x559feeb899b0 (29 bytes)
1591860747.994966 sending message 105 to peer 0x559feeb899b0 (11 bytes)
1591860747.994974 sending message 105 to peer 0x559feeb899b0 (15 bytes)
1591860747.994982 sending message 105 to peer 0x559feeb899b0 (41 bytes)
1591860747.994990 sending message 105 to peer 0x559feeb899b0 (87 bytes)
1591860747.994997 sending message 105 to peer 0x559feeb899b0 (20 bytes)
1591860747.995005 sending message 105 to peer 0x559feeb899b0 (42 bytes)
1591860747.995012 sending message 105 to peer 0x559feeb899b0 (26 bytes)
1591860747.995020 sending message 105 to peer 0x559feeb899b0 (22 bytes)
1591860747.995027 sending message 105 to peer 0x559feeb899b0 (53 bytes)
1591860747.995034 sending message 105 to peer 0x559feeb899b0 (95 bytes)
1591860747.995042 sending message 105 to peer 0x559feeb899b0 (16 bytes)
1591860747.995050 sending message 106 to peer 0x559feeb899b0 (0 bytes)
1591860747.995058 sending message 200 to peer 0x559feeb899b0 (4 bytes)
1591860747.995065 client loop enter
1591860748.032016 peer 0x559feeb899b0 message 207
1591860748.032044 sending message 208 to peer 0x559feeb899b0 (0 bytes)
1591860754.623181 sending message 205 to peer 0x559feeb899b0 (0 bytes)
1591860754.623849 peer 0x559feeb899b0 message 204
1591860754.623865 client loop exit
