1669161032.972253 client started (100166): version 3.2a, socket /tmp/tmux-1000/default, protocol 8
1669161032.972270 on Linux 5.15.0-50-generic #56-Ubuntu SMP Tue Sep 20 13:23:26 UTC 2022
1669161032.972274 using libevent 2.1.12-stable (poll); ncurses 6.3
1669161032.972284 flags are 0x18010000
1669161032.972287 socket is /tmp/tmux-1000/default
1669161032.972294 trying connect
1669161032.972332 add peer 0x55e89bb9b560: 6 ((nil))
1669161032.972552 sending message 100 to peer 0x55e89bb9b560 (4 bytes)
1669161032.972561 sending message 111 to peer 0x55e89bb9b560 (8 bytes)
1669161032.972564 sending message 101 to peer 0x55e89bb9b560 (15 bytes)
1669161032.972567 sending message 109 to peer 0x55e89bb9b560 (4 bytes)
1669161032.972569 sending message 102 to peer 0x55e89bb9b560 (12 bytes)
1669161032.972572 sending message 108 to peer 0x55e89bb9b560 (22 bytes)
1669161032.972575 sending message 112 to peer 0x55e89bb9b560 (58 bytes)
1669161032.972578 sending message 112 to peer 0x55e89bb9b560 (5 bytes)
1669161032.972581 sending message 112 to peer 0x55e89bb9b560 (5 bytes)
1669161032.972584 sending message 112 to peer 0x55e89bb9b560 (6 bytes)
1669161032.972587 sending message 112 to peer 0x55e89bb9b560 (6 bytes)
1669161032.972590 sending message 112 to peer 0x55e89bb9b560 (11 bytes)
1669161032.972593 sending message 112 to peer 0x55e89bb9b560 (10 bytes)
1669161032.972595 sending message 112 to peer 0x55e89bb9b560 (13 bytes)
1669161032.972598 sending message 112 to peer 0x55e89bb9b560 (14 bytes)
1669161032.972601 sending message 112 to peer 0x55e89bb9b560 (19 bytes)
1669161032.972604 sending message 112 to peer 0x55e89bb9b560 (11 bytes)
1669161032.972607 sending message 112 to peer 0x55e89bb9b560 (10 bytes)
1669161032.972610 sending message 112 to peer 0x55e89bb9b560 (15 bytes)
1669161032.972613 sending message 112 to peer 0x55e89bb9b560 (21 bytes)
1669161032.972616 sending message 112 to peer 0x55e89bb9b560 (13 bytes)
1669161032.972619 sending message 112 to peer 0x55e89bb9b560 (7 bytes)
1669161032.972622 sending message 112 to peer 0x55e89bb9b560 (13 bytes)
1669161032.972624 sending message 112 to peer 0x55e89bb9b560 (7 bytes)
1669161032.972627 sending message 112 to peer 0x55e89bb9b560 (13 bytes)
1669161032.972630 sending message 112 to peer 0x55e89bb9b560 (9 bytes)
1669161032.972633 sending message 112 to peer 0x55e89bb9b560 (21 bytes)
1669161032.972636 sending message 112 to peer 0x55e89bb9b560 (13 bytes)
1669161032.972639 sending message 112 to peer 0x55e89bb9b560 (9 bytes)
1669161032.972643 sending message 112 to peer 0x55e89bb9b560 (16 bytes)
1669161032.972645 sending message 112 to peer 0x55e89bb9b560 (13 bytes)
1669161032.972648 sending message 112 to peer 0x55e89bb9b560 (9 bytes)
1669161032.972651 sending message 112 to peer 0x55e89bb9b560 (9 bytes)
1669161032.972654 sending message 112 to peer 0x55e89bb9b560 (12 bytes)
1669161032.972657 sending message 112 to peer 0x55e89bb9b560 (8 bytes)
1669161032.972660 sending message 112 to peer 0x55e89bb9b560 (8 bytes)
1669161032.972663 sending message 112 to peer 0x55e89bb9b560 (13 bytes)
1669161032.972665 sending message 112 to peer 0x55e89bb9b560 (7 bytes)
1669161032.972668 sending message 112 to peer 0x55e89bb9b560 (7 bytes)
1669161032.972671 sending message 112 to peer 0x55e89bb9b560 (9 bytes)
1669161032.972674 sending message 112 to peer 0x55e89bb9b560 (9 bytes)
1669161032.972677 sending message 112 to peer 0x55e89bb9b560 (15 bytes)
1669161032.972680 sending message 112 to peer 0x55e89bb9b560 (13 bytes)
1669161032.972683 sending message 112 to peer 0x55e89bb9b560 (12 bytes)
1669161032.972686 sending message 112 to peer 0x55e89bb9b560 (8 bytes)
1669161032.972689 sending message 112 to peer 0x55e89bb9b560 (14 bytes)
1669161032.972692 sending message 112 to peer 0x55e89bb9b560 (11 bytes)
1669161032.972695 sending message 112 to peer 0x55e89bb9b560 (9 bytes)
1669161032.972698 sending message 112 to peer 0x55e89bb9b560 (10 bytes)
1669161032.972701 sending message 112 to peer 0x55e89bb9b560 (10 bytes)
1669161032.972704 sending message 112 to peer 0x55e89bb9b560 (10 bytes)
1669161032.972707 sending message 112 to peer 0x55e89bb9b560 (10 bytes)
1669161032.972713 sending message 112 to peer 0x55e89bb9b560 (11 bytes)
1669161032.972716 sending message 112 to peer 0x55e89bb9b560 (12 bytes)
1669161032.972719 sending message 112 to peer 0x55e89bb9b560 (12 bytes)
1669161032.972722 sending message 112 to peer 0x55e89bb9b560 (12 bytes)
1669161032.972724 sending message 112 to peer 0x55e89bb9b560 (12 bytes)
1669161032.972727 sending message 112 to peer 0x55e89bb9b560 (12 bytes)
1669161032.972730 sending message 112 to peer 0x55e89bb9b560 (11 bytes)
1669161032.972733 sending message 112 to peer 0x55e89bb9b560 (11 bytes)
1669161032.972736 sending message 112 to peer 0x55e89bb9b560 (12 bytes)
1669161032.972739 sending message 112 to peer 0x55e89bb9b560 (12 bytes)
1669161032.972742 sending message 112 to peer 0x55e89bb9b560 (12 bytes)
1669161032.972745 sending message 112 to peer 0x55e89bb9b560 (12 bytes)
1669161032.972747 sending message 112 to peer 0x55e89bb9b560 (12 bytes)
1669161032.972751 sending message 112 to peer 0x55e89bb9b560 (9 bytes)
1669161032.972754 sending message 112 to peer 0x55e89bb9b560 (12 bytes)
1669161032.972757 sending message 112 to peer 0x55e89bb9b560 (13 bytes)
1669161032.972759 sending message 112 to peer 0x55e89bb9b560 (13 bytes)
1669161032.972762 sending message 112 to peer 0x55e89bb9b560 (13 bytes)
1669161032.972765 sending message 112 to peer 0x55e89bb9b560 (13 bytes)
1669161032.972768 sending message 112 to peer 0x55e89bb9b560 (13 bytes)
1669161032.972771 sending message 112 to peer 0x55e89bb9b560 (8 bytes)
1669161032.972774 sending message 112 to peer 0x55e89bb9b560 (11 bytes)
1669161032.972777 sending message 112 to peer 0x55e89bb9b560 (11 bytes)
1669161032.972779 sending message 112 to peer 0x55e89bb9b560 (11 bytes)
1669161032.972782 sending message 112 to peer 0x55e89bb9b560 (12 bytes)
1669161032.972785 sending message 112 to peer 0x55e89bb9b560 (12 bytes)
1669161032.972788 sending message 112 to peer 0x55e89bb9b560 (12 bytes)
1669161032.972791 sending message 112 to peer 0x55e89bb9b560 (12 bytes)
1669161032.972794 sending message 112 to peer 0x55e89bb9b560 (13 bytes)
1669161032.972797 sending message 112 to peer 0x55e89bb9b560 (13 bytes)
1669161032.972800 sending message 112 to peer 0x55e89bb9b560 (13 bytes)
1669161032.972803 sending message 112 to peer 0x55e89bb9b560 (8 bytes)
1669161032.972806 sending message 112 to peer 0x55e89bb9b560 (13 bytes)
1669161032.972809 sending message 112 to peer 0x55e89bb9b560 (13 bytes)
1669161032.972812 sending message 112 to peer 0x55e89bb9b560 (13 bytes)
1669161032.972815 sending message 112 to peer 0x55e89bb9b560 (13 bytes)
1669161032.972818 sending message 112 to peer 0x55e89bb9b560 (13 bytes)
1669161032.972821 sending message 112 to peer 0x55e89bb9b560 (12 bytes)
1669161032.972823 sending message 112 to peer 0x55e89bb9b560 (12 bytes)
1669161032.972826 sending message 112 to peer 0x55e89bb9b560 (12 bytes)
1669161032.972829 sending message 112 to peer 0x55e89bb9b560 (12 bytes)
1669161032.972832 sending message 112 to peer 0x55e89bb9b560 (13 bytes)
1669161032.972835 sending message 112 to peer 0x55e89bb9b560 (8 bytes)
1669161032.972838 sending message 112 to peer 0x55e89bb9b560 (13 bytes)
1669161032.972841 sending message 112 to peer 0x55e89bb9b560 (13 bytes)
1669161032.972844 sending message 112 to peer 0x55e89bb9b560 (13 bytes)
1669161032.972847 sending message 112 to peer 0x55e89bb9b560 (13 bytes)
1669161032.972849 sending message 112 to peer 0x55e89bb9b560 (13 bytes)
1669161032.972852 sending message 112 to peer 0x55e89bb9b560 (13 bytes)
1669161032.972855 sending message 112 to peer 0x55e89bb9b560 (13 bytes)
1669161032.972858 sending message 112 to peer 0x55e89bb9b560 (12 bytes)
1669161032.972861 sending message 112 to peer 0x55e89bb9b560 (12 bytes)
1669161032.972864 sending message 112 to peer 0x55e89bb9b560 (12 bytes)
1669161032.972867 sending message 112 to peer 0x55e89bb9b560 (8 bytes)
1669161032.972870 sending message 112 to peer 0x55e89bb9b560 (12 bytes)
1669161032.972873 sending message 112 to peer 0x55e89bb9b560 (13 bytes)
1669161032.972876 sending message 112 to peer 0x55e89bb9b560 (13 bytes)
1669161032.972881 sending message 112 to peer 0x55e89bb9b560 (13 bytes)
1669161032.972883 sending message 112 to peer 0x55e89bb9b560 (13 bytes)
1669161032.972886 sending message 112 to peer 0x55e89bb9b560 (13 bytes)
1669161032.972889 sending message 112 to peer 0x55e89bb9b560 (13 bytes)
1669161032.972892 sending message 112 to peer 0x55e89bb9b560 (13 bytes)
1669161032.972895 sending message 112 to peer 0x55e89bb9b560 (13 bytes)
1669161032.972898 sending message 112 to peer 0x55e89bb9b560 (12 bytes)
1669161032.972901 sending message 112 to peer 0x55e89bb9b560 (10 bytes)
1669161032.972904 sending message 112 to peer 0x55e89bb9b560 (12 bytes)
1669161032.972906 sending message 112 to peer 0x55e89bb9b560 (12 bytes)
1669161032.972910 sending message 112 to peer 0x55e89bb9b560 (12 bytes)
1669161032.972913 sending message 112 to peer 0x55e89bb9b560 (13 bytes)
1669161032.972915 sending message 112 to peer 0x55e89bb9b560 (13 bytes)
1669161032.972918 sending message 112 to peer 0x55e89bb9b560 (13 bytes)
1669161032.972921 sending message 112 to peer 0x55e89bb9b560 (13 bytes)
1669161032.972924 sending message 112 to peer 0x55e89bb9b560 (13 bytes)
1669161032.972927 sending message 112 to peer 0x55e89bb9b560 (13 bytes)
1669161032.972930 sending message 112 to peer 0x55e89bb9b560 (13 bytes)
1669161032.972933 sending message 112 to peer 0x55e89bb9b560 (10 bytes)
1669161032.972935 sending message 112 to peer 0x55e89bb9b560 (13 bytes)
1669161032.972939 sending message 112 to peer 0x55e89bb9b560 (12 bytes)
1669161032.972941 sending message 112 to peer 0x55e89bb9b560 (12 bytes)
1669161032.972944 sending message 112 to peer 0x55e89bb9b560 (12 bytes)
1669161032.972947 sending message 112 to peer 0x55e89bb9b560 (10 bytes)
1669161032.972950 sending message 112 to peer 0x55e89bb9b560 (10 bytes)
1669161032.972953 sending message 112 to peer 0x55e89bb9b560 (10 bytes)
1669161032.972956 sending message 112 to peer 0x55e89bb9b560 (12 bytes)
1669161032.972959 sending message 112 to peer 0x55e89bb9b560 (13 bytes)
1669161032.972962 sending message 112 to peer 0x55e89bb9b560 (13 bytes)
1669161032.972965 sending message 112 to peer 0x55e89bb9b560 (13 bytes)
1669161032.972968 sending message 112 to peer 0x55e89bb9b560 (13 bytes)
1669161032.972971 sending message 112 to peer 0x55e89bb9b560 (13 bytes)
1669161032.972974 sending message 112 to peer 0x55e89bb9b560 (10 bytes)
1669161032.972977 sending message 112 to peer 0x55e89bb9b560 (11 bytes)
1669161032.972979 sending message 112 to peer 0x55e89bb9b560 (12 bytes)
1669161032.972982 sending message 112 to peer 0x55e89bb9b560 (12 bytes)
1669161032.972985 sending message 112 to peer 0x55e89bb9b560 (12 bytes)
1669161032.972988 sending message 112 to peer 0x55e89bb9b560 (12 bytes)
1669161032.972991 sending message 112 to peer 0x55e89bb9b560 (12 bytes)
1669161032.972994 sending message 112 to peer 0x55e89bb9b560 (11 bytes)
1669161032.972997 sending message 112 to peer 0x55e89bb9b560 (12 bytes)
1669161032.973000 sending message 112 to peer 0x55e89bb9b560 (12 bytes)
1669161032.973002 sending message 112 to peer 0x55e89bb9b560 (13 bytes)
1669161032.973005 sending message 112 to peer 0x55e89bb9b560 (13 bytes)
1669161032.973008 sending message 112 to peer 0x55e89bb9b560 (13 bytes)
1669161032.973011 sending message 112 to peer 0x55e89bb9b560 (13 bytes)
1669161032.973014 sending message 112 to peer 0x55e89bb9b560 (13 bytes)
1669161032.973017 sending message 112 to peer 0x55e89bb9b560 (10 bytes)
1669161032.973020 sending message 112 to peer 0x55e89bb9b560 (9 bytes)
1669161032.973022 sending message 112 to peer 0x55e89bb9b560 (12 bytes)
1669161032.973026 sending message 112 to peer 0x55e89bb9b560 (13 bytes)
1669161032.973029 sending message 112 to peer 0x55e89bb9b560 (13 bytes)
1669161032.973032 sending message 112 to peer 0x55e89bb9b560 (13 bytes)
1669161032.973035 sending message 112 to peer 0x55e89bb9b560 (13 bytes)
1669161032.973038 sending message 112 to peer 0x55e89bb9b560 (13 bytes)
1669161032.973040 sending message 112 to peer 0x55e89bb9b560 (9 bytes)
1669161032.973043 sending message 112 to peer 0x55e89bb9b560 (12 bytes)
1669161032.973048 sending message 112 to peer 0x55e89bb9b560 (13 bytes)
1669161032.973051 sending message 112 to peer 0x55e89bb9b560 (13 bytes)
1669161032.973054 sending message 112 to peer 0x55e89bb9b560 (13 bytes)
1669161032.973057 sending message 112 to peer 0x55e89bb9b560 (13 bytes)
1669161032.973060 sending message 112 to peer 0x55e89bb9b560 (13 bytes)
1669161032.973091 sending message 112 to peer 0x55e89bb9b560 (11 bytes)
1669161032.973099 sending message 112 to peer 0x55e89bb9b560 (12 bytes)
1669161032.973103 sending message 112 to peer 0x55e89bb9b560 (13 bytes)
1669161032.973105 sending message 112 to peer 0x55e89bb9b560 (13 bytes)
1669161032.973108 sending message 112 to peer 0x55e89bb9b560 (13 bytes)
1669161032.973111 sending message 112 to peer 0x55e89bb9b560 (13 bytes)
1669161032.973114 sending message 112 to peer 0x55e89bb9b560 (13 bytes)
1669161032.973117 sending message 112 to peer 0x55e89bb9b560 (11 bytes)
1669161032.973120 sending message 112 to peer 0x55e89bb9b560 (12 bytes)
1669161032.973123 sending message 112 to peer 0x55e89bb9b560 (12 bytes)
1669161032.973126 sending message 112 to peer 0x55e89bb9b560 (12 bytes)
1669161032.973128 sending message 112 to peer 0x55e89bb9b560 (12 bytes)
1669161032.973131 sending message 112 to peer 0x55e89bb9b560 (12 bytes)
1669161032.973134 sending message 112 to peer 0x55e89bb9b560 (21 bytes)
1669161032.973137 sending message 112 to peer 0x55e89bb9b560 (12 bytes)
1669161032.973140 sending message 112 to peer 0x55e89bb9b560 (9 bytes)
1669161032.973143 sending message 112 to peer 0x55e89bb9b560 (6 bytes)
1669161032.973145 sending message 112 to peer 0x55e89bb9b560 (13 bytes)
1669161032.973149 sending message 112 to peer 0x55e89bb9b560 (10 bytes)
1669161032.973151 sending message 112 to peer 0x55e89bb9b560 (24 bytes)
1669161032.973154 sending message 112 to peer 0x55e89bb9b560 (13 bytes)
1669161032.973157 sending message 112 to peer 0x55e89bb9b560 (9 bytes)
1669161032.973160 sending message 112 to peer 0x55e89bb9b560 (70 bytes)
1669161032.973163 sending message 112 to peer 0x55e89bb9b560 (69 bytes)
1669161032.973166 sending message 112 to peer 0x55e89bb9b560 (12 bytes)
1669161032.973169 sending message 112 to peer 0x55e89bb9b560 (10 bytes)
1669161032.973172 sending message 112 to peer 0x55e89bb9b560 (10 bytes)
1669161032.973175 sending message 112 to peer 0x55e89bb9b560 (24 bytes)
1669161032.973177 sending message 112 to peer 0x55e89bb9b560 (13 bytes)
1669161032.973180 sending message 112 to peer 0x55e89bb9b560 (10 bytes)
1669161032.973184 sending message 112 to peer 0x55e89bb9b560 (10 bytes)
1669161032.973186 sending message 112 to peer 0x55e89bb9b560 (10 bytes)
1669161032.973189 sending message 112 to peer 0x55e89bb9b560 (13 bytes)
1669161032.973192 sending message 112 to peer 0x55e89bb9b560 (15 bytes)
1669161032.973195 sending message 112 to peer 0x55e89bb9b560 (5 bytes)
1669161032.973198 sending message 104 to peer 0x55e89bb9b560 (0 bytes)
1669161032.973202 sending message 110 to peer 0x55e89bb9b560 (0 bytes)
1669161032.973205 sending message 107 to peer 0x55e89bb9b560 (4 bytes)
1669161032.973208 sending message 105 to peer 0x55e89bb9b560 (19 bytes)
1669161032.973211 sending message 105 to peer 0x55e89bb9b560 (63 bytes)
1669161032.973214 sending message 105 to peer 0x55e89bb9b560 (16 bytes)
1669161032.973217 sending message 105 to peer 0x55e89bb9b560 (54 bytes)
1669161032.973219 sending message 105 to peer 0x55e89bb9b560 (47 bytes)
1669161032.973222 sending message 105 to peer 0x55e89bb9b560 (15 bytes)
1669161032.973225 sending message 105 to peer 0x55e89bb9b560 (18 bytes)
1669161032.973228 sending message 105 to peer 0x55e89bb9b560 (15 bytes)
1669161032.973231 sending message 105 to peer 0x55e89bb9b560 (44 bytes)
1669161032.973234 sending message 105 to peer 0x55e89bb9b560 (18 bytes)
1669161032.973237 sending message 105 to peer 0x55e89bb9b560 (17 bytes)
1669161032.973239 sending message 105 to peer 0x55e89bb9b560 (21 bytes)
1669161032.973242 sending message 105 to peer 0x55e89bb9b560 (17 bytes)
1669161032.973246 sending message 105 to peer 0x55e89bb9b560 (31 bytes)
1669161032.973251 sending message 105 to peer 0x55e89bb9b560 (42 bytes)
1669161032.973254 sending message 105 to peer 0x55e89bb9b560 (31 bytes)
1669161032.973257 sending message 105 to peer 0x55e89bb9b560 (13 bytes)
1669161032.973260 sending message 105 to peer 0x55e89bb9b560 (51 bytes)
1669161032.973263 sending message 105 to peer 0x55e89bb9b560 (18 bytes)
1669161032.973266 sending message 105 to peer 0x55e89bb9b560 (17 bytes)
1669161032.973269 sending message 105 to peer 0x55e89bb9b560 (15 bytes)
1669161032.973272 sending message 105 to peer 0x55e89bb9b560 (23 bytes)
1669161032.973275 sending message 105 to peer 0x55e89bb9b560 (18 bytes)
1669161032.973278 sending message 105 to peer 0x55e89bb9b560 (30 bytes)
1669161032.973281 sending message 105 to peer 0x55e89bb9b560 (165 bytes)
1669161032.973284 sending message 105 to peer 0x55e89bb9b560 (18 bytes)
1669161032.973286 sending message 105 to peer 0x55e89bb9b560 (13 bytes)
1669161032.973289 sending message 105 to peer 0x55e89bb9b560 (50 bytes)
1669161032.973292 sending message 105 to peer 0x55e89bb9b560 (53 bytes)
1669161032.973295 sending message 105 to peer 0x55e89bb9b560 (15 bytes)
1669161032.973298 sending message 105 to peer 0x55e89bb9b560 (18 bytes)
1669161032.973301 sending message 105 to peer 0x55e89bb9b560 (15 bytes)
1669161032.973304 sending message 105 to peer 0x55e89bb9b560 (15 bytes)
1669161032.973307 sending message 105 to peer 0x55e89bb9b560 (5 bytes)
1669161032.973310 sending message 105 to peer 0x55e89bb9b560 (58 bytes)
1669161032.973312 sending message 105 to peer 0x55e89bb9b560 (75 bytes)
1669161032.973316 sending message 105 to peer 0x55e89bb9b560 (23 bytes)
1669161032.973319 sending message 105 to peer 0x55e89bb9b560 (18 bytes)
1669161032.973322 sending message 105 to peer 0x55e89bb9b560 (39 bytes)
1669161032.973325 sending message 105 to peer 0x55e89bb9b560 (35 bytes)
1669161032.973328 sending message 105 to peer 0x55e89bb9b560 (30 bytes)
1669161032.973331 sending message 105 to peer 0x55e89bb9b560 (15 bytes)
1669161032.973334 sending message 105 to peer 0x55e89bb9b560 (43 bytes)
1669161032.973337 sending message 105 to peer 0x55e89bb9b560 (56 bytes)
1669161032.973339 sending message 105 to peer 0x55e89bb9b560 (17 bytes)
1669161032.973343 sending message 105 to peer 0x55e89bb9b560 (15 bytes)
1669161032.973345 sending message 105 to peer 0x55e89bb9b560 (15 bytes)
1669161032.973348 sending message 105 to peer 0x55e89bb9b560 (15 bytes)
1669161032.973351 sending message 105 to peer 0x55e89bb9b560 (58 bytes)
1669161032.973354 sending message 105 to peer 0x55e89bb9b560 (20 bytes)
1669161032.973357 sending message 105 to peer 0x55e89bb9b560 (18 bytes)
1669161032.973360 sending message 105 to peer 0x55e89bb9b560 (40 bytes)
1669161032.973363 sending message 105 to peer 0x55e89bb9b560 (42 bytes)
1669161032.973366 sending message 105 to peer 0x55e89bb9b560 (31 bytes)
1669161032.973369 sending message 105 to peer 0x55e89bb9b560 (21 bytes)
1669161032.973379 sending message 105 to peer 0x55e89bb9b560 (50 bytes)
1669161032.973383 sending message 105 to peer 0x55e89bb9b560 (12 bytes)
1669161032.973386 sending message 105 to peer 0x55e89bb9b560 (39 bytes)
1669161032.973389 sending message 105 to peer 0x55e89bb9b560 (33 bytes)
1669161032.973392 sending message 105 to peer 0x55e89bb9b560 (40 bytes)
1669161032.973395 sending message 105 to peer 0x55e89bb9b560 (45 bytes)
1669161032.973398 sending message 105 to peer 0x55e89bb9b560 (28 bytes)
1669161032.973401 sending message 105 to peer 0x55e89bb9b560 (15 bytes)
1669161032.973404 sending message 105 to peer 0x55e89bb9b560 (21 bytes)
1669161032.973407 sending message 105 to peer 0x55e89bb9b560 (28 bytes)
1669161032.973410 sending message 105 to peer 0x55e89bb9b560 (44 bytes)
1669161032.973413 sending message 105 to peer 0x55e89bb9b560 (52 bytes)
1669161032.973415 sending message 105 to peer 0x55e89bb9b560 (58 bytes)
1669161032.973418 sending message 105 to peer 0x55e89bb9b560 (73 bytes)
1669161032.973422 sending message 105 to peer 0x55e89bb9b560 (17 bytes)
1669161032.973427 sending message 105 to peer 0x55e89bb9b560 (18 bytes)
1669161032.973429 sending message 105 to peer 0x55e89bb9b560 (24 bytes)
1669161032.973432 sending message 105 to peer 0x55e89bb9b560 (36 bytes)
1669161032.973435 sending message 105 to peer 0x55e89bb9b560 (43 bytes)
1669161032.973438 sending message 105 to peer 0x55e89bb9b560 (31 bytes)
1669161032.973441 sending message 105 to peer 0x55e89bb9b560 (29 bytes)
1669161032.973444 sending message 105 to peer 0x55e89bb9b560 (19 bytes)
1669161032.973447 sending message 105 to peer 0x55e89bb9b560 (8 bytes)
1669161032.973450 sending message 105 to peer 0x55e89bb9b560 (14 bytes)
1669161032.973453 sending message 105 to peer 0x55e89bb9b560 (80 bytes)
1669161032.973456 sending message 105 to peer 0x55e89bb9b560 (18 bytes)
1669161032.973459 sending message 105 to peer 0x55e89bb9b560 (62 bytes)
1669161032.973462 sending message 105 to peer 0x55e89bb9b560 (17 bytes)
1669161032.973465 sending message 105 to peer 0x55e89bb9b560 (18 bytes)
1669161032.973468 sending message 105 to peer 0x55e89bb9b560 (15 bytes)
1669161032.973471 sending message 105 to peer 0x55e89bb9b560 (81 bytes)
1669161032.973474 sending message 105 to peer 0x55e89bb9b560 (85 bytes)
1669161032.973477 sending message 105 to peer 0x55e89bb9b560 (37 bytes)
1669161032.973480 sending message 105 to peer 0x55e89bb9b560 (19 bytes)
1669161032.973483 sending message 105 to peer 0x55e89bb9b560 (29 bytes)
1669161032.973485 sending message 105 to peer 0x55e89bb9b560 (39 bytes)
1669161032.973489 sending message 105 to peer 0x55e89bb9b560 (10 bytes)
1669161032.973492 sending message 105 to peer 0x55e89bb9b560 (52 bytes)
1669161032.973494 sending message 105 to peer 0x55e89bb9b560 (15 bytes)
1669161032.973497 sending message 105 to peer 0x55e89bb9b560 (17 bytes)
1669161032.973500 sending message 105 to peer 0x55e89bb9b560 (32 bytes)
1669161032.973503 sending message 105 to peer 0x55e89bb9b560 (57 bytes)
1669161032.973506 sending message 105 to peer 0x55e89bb9b560 (58 bytes)
1669161032.973509 sending message 105 to peer 0x55e89bb9b560 (79 bytes)
1669161032.973512 sending message 105 to peer 0x55e89bb9b560 (19 bytes)
1669161032.973515 sending message 105 to peer 0x55e89bb9b560 (19 bytes)
1669161032.973518 sending message 105 to peer 0x55e89bb9b560 (25 bytes)
1669161032.973520 sending message 105 to peer 0x55e89bb9b560 (23 bytes)
1669161032.973524 sending message 105 to peer 0x55e89bb9b560 (38 bytes)
1669161032.973527 sending message 105 to peer 0x55e89bb9b560 (18 bytes)
1669161032.973529 sending message 105 to peer 0x55e89bb9b560 (17 bytes)
1669161032.973533 sending message 105 to peer 0x55e89bb9b560 (17 bytes)
1669161032.973535 sending message 105 to peer 0x55e89bb9b560 (15 bytes)
1669161032.973538 sending message 105 to peer 0x55e89bb9b560 (85 bytes)
1669161032.973542 sending message 105 to peer 0x55e89bb9b560 (43 bytes)
1669161032.973545 sending message 105 to peer 0x55e89bb9b560 (32 bytes)
1669161032.973548 sending message 105 to peer 0x55e89bb9b560 (365 bytes)
1669161032.973551 sending message 105 to peer 0x55e89bb9b560 (34 bytes)
1669161032.973554 sending message 105 to peer 0x55e89bb9b560 (15 bytes)
1669161032.973556 sending message 105 to peer 0x55e89bb9b560 (18 bytes)
1669161032.973559 sending message 105 to peer 0x55e89bb9b560 (16 bytes)
1669161032.973562 sending message 105 to peer 0x55e89bb9b560 (15 bytes)
1669161032.973565 sending message 105 to peer 0x55e89bb9b560 (15 bytes)
1669161032.973568 sending message 105 to peer 0x55e89bb9b560 (26 bytes)
1669161032.973571 sending message 105 to peer 0x55e89bb9b560 (17 bytes)
1669161032.973574 sending message 105 to peer 0x55e89bb9b560 (10 bytes)
1669161032.973577 sending message 105 to peer 0x55e89bb9b560 (36 bytes)
1669161032.973580 sending message 105 to peer 0x55e89bb9b560 (21 bytes)
1669161032.973582 sending message 105 to peer 0x55e89bb9b560 (18 bytes)
1669161032.973585 sending message 105 to peer 0x55e89bb9b560 (24 bytes)
1669161032.973588 sending message 105 to peer 0x55e89bb9b560 (43 bytes)
1669161032.973591 sending message 105 to peer 0x55e89bb9b560 (39 bytes)
1669161032.973596 sending message 105 to peer 0x55e89bb9b560 (165 bytes)
1669161032.973599 sending message 105 to peer 0x55e89bb9b560 (52 bytes)
1669161032.973602 sending message 105 to peer 0x55e89bb9b560 (23 bytes)
1669161032.973605 sending message 105 to peer 0x55e89bb9b560 (16 bytes)
1669161032.973608 sending message 105 to peer 0x55e89bb9b560 (15 bytes)
1669161032.973611 sending message 105 to peer 0x55e89bb9b560 (15 bytes)
1669161032.973614 sending message 105 to peer 0x55e89bb9b560 (16 bytes)
1669161032.973617 sending message 105 to peer 0x55e89bb9b560 (21 bytes)
1669161032.973620 sending message 105 to peer 0x55e89bb9b560 (19 bytes)
1669161032.973622 sending message 105 to peer 0x55e89bb9b560 (33 bytes)
1669161032.973625 sending message 105 to peer 0x55e89bb9b560 (28 bytes)
1669161032.973628 sending message 105 to peer 0x55e89bb9b560 (36 bytes)
1669161032.973631 sending message 105 to peer 0x55e89bb9b560 (45 bytes)
1669161032.973634 sending message 105 to peer 0x55e89bb9b560 (45 bytes)
1669161032.973637 sending message 105 to peer 0x55e89bb9b560 (28 bytes)
1669161032.973640 sending message 105 to peer 0x55e89bb9b560 (16 bytes)
1669161032.973643 sending message 105 to peer 0x55e89bb9b560 (15 bytes)
1669161032.973646 sending message 105 to peer 0x55e89bb9b560 (10 bytes)
1669161032.973649 sending message 105 to peer 0x55e89bb9b560 (20 bytes)
1669161032.973652 sending message 105 to peer 0x55e89bb9b560 (25 bytes)
1669161032.973655 sending message 105 to peer 0x55e89bb9b560 (43 bytes)
1669161032.973658 sending message 105 to peer 0x55e89bb9b560 (31 bytes)
1669161032.973661 sending message 105 to peer 0x55e89bb9b560 (13 bytes)
1669161032.973664 sending message 105 to peer 0x55e89bb9b560 (23 bytes)
1669161032.973667 sending message 105 to peer 0x55e89bb9b560 (54 bytes)
1669161032.973670 sending message 105 to peer 0x55e89bb9b560 (29 bytes)
1669161032.973673 sending message 105 to peer 0x55e89bb9b560 (40 bytes)
1669161032.973676 sending message 105 to peer 0x55e89bb9b560 (51 bytes)
1669161032.973679 sending message 105 to peer 0x55e89bb9b560 (18 bytes)
1669161032.973682 sending message 105 to peer 0x55e89bb9b560 (28 bytes)
1669161032.973685 sending message 105 to peer 0x55e89bb9b560 (17 bytes)
1669161032.973688 sending message 105 to peer 0x55e89bb9b560 (16 bytes)
1669161032.973690 sending message 105 to peer 0x55e89bb9b560 (21 bytes)
1669161032.973694 sending message 105 to peer 0x55e89bb9b560 (23 bytes)
1669161032.973696 sending message 105 to peer 0x55e89bb9b560 (18 bytes)
1669161032.973699 sending message 105 to peer 0x55e89bb9b560 (20 bytes)
1669161032.973703 sending message 105 to peer 0x55e89bb9b560 (15 bytes)
1669161032.973706 sending message 105 to peer 0x55e89bb9b560 (16 bytes)
1669161032.973708 sending message 105 to peer 0x55e89bb9b560 (26 bytes)
1669161032.973711 sending message 105 to peer 0x55e89bb9b560 (17 bytes)
1669161032.973714 sending message 105 to peer 0x55e89bb9b560 (76 bytes)
1669161032.973717 sending message 105 to peer 0x55e89bb9b560 (20 bytes)
1669161032.973720 sending message 105 to peer 0x55e89bb9b560 (26 bytes)
1669161032.973723 sending message 105 to peer 0x55e89bb9b560 (43 bytes)
1669161032.973726 sending message 105 to peer 0x55e89bb9b560 (32 bytes)
1669161032.973729 sending message 105 to peer 0x55e89bb9b560 (16 bytes)
1669161032.973732 sending message 105 to peer 0x55e89bb9b560 (15 bytes)
1669161032.973735 sending message 105 to peer 0x55e89bb9b560 (16 bytes)
1669161032.973738 sending message 105 to peer 0x55e89bb9b560 (14 bytes)
1669161032.973741 sending message 105 to peer 0x55e89bb9b560 (31 bytes)
1669161032.973744 sending message 105 to peer 0x55e89bb9b560 (17 bytes)
1669161032.973747 sending message 105 to peer 0x55e89bb9b560 (21 bytes)
1669161032.973750 sending message 105 to peer 0x55e89bb9b560 (75 bytes)
1669161032.973753 sending message 105 to peer 0x55e89bb9b560 (25 bytes)
1669161032.973756 sending message 105 to peer 0x55e89bb9b560 (38 bytes)
1669161032.973759 sending message 105 to peer 0x55e89bb9b560 (30 bytes)
1669161032.973762 sending message 105 to peer 0x55e89bb9b560 (27 bytes)
1669161032.973766 sending message 105 to peer 0x55e89bb9b560 (346 bytes)
1669161032.973770 sending message 105 to peer 0x55e89bb9b560 (49 bytes)
1669161032.973773 sending message 105 to peer 0x55e89bb9b560 (48 bytes)
1669161032.973775 sending message 105 to peer 0x55e89bb9b560 (15 bytes)
1669161032.973778 sending message 105 to peer 0x55e89bb9b560 (13 bytes)
1669161032.973782 sending message 105 to peer 0x55e89bb9b560 (75 bytes)
1669161032.973784 sending message 105 to peer 0x55e89bb9b560 (22 bytes)
1669161032.973787 sending message 105 to peer 0x55e89bb9b560 (22 bytes)
1669161032.973790 sending message 105 to peer 0x55e89bb9b560 (25 bytes)
1669161032.973793 sending message 105 to peer 0x55e89bb9b560 (27 bytes)
1669161032.973796 sending message 105 to peer 0x55e89bb9b560 (32 bytes)
1669161032.973799 sending message 105 to peer 0x55e89bb9b560 (18 bytes)
1669161032.973802 sending message 105 to peer 0x55e89bb9b560 (16 bytes)
1669161032.973805 sending message 105 to peer 0x55e89bb9b560 (63 bytes)
1669161032.973808 sending message 105 to peer 0x55e89bb9b560 (44 bytes)
1669161032.973811 sending message 105 to peer 0x55e89bb9b560 (17 bytes)
1669161032.973814 sending message 105 to peer 0x55e89bb9b560 (37 bytes)
1669161032.973817 sending message 105 to peer 0x55e89bb9b560 (74 bytes)
1669161032.973819 sending message 105 to peer 0x55e89bb9b560 (17 bytes)
1669161032.973822 sending message 105 to peer 0x55e89bb9b560 (23 bytes)
1669161032.973825 sending message 105 to peer 0x55e89bb9b560 (26 bytes)
1669161032.973828 sending message 105 to peer 0x55e89bb9b560 (40 bytes)
1669161032.973831 sending message 105 to peer 0x55e89bb9b560 (28 bytes)
1669161032.973834 sending message 105 to peer 0x55e89bb9b560 (31 bytes)
1669161032.973836 sending message 105 to peer 0x55e89bb9b560 (11 bytes)
1669161032.973840 sending message 105 to peer 0x55e89bb9b560 (19 bytes)
1669161032.973843 sending message 105 to peer 0x55e89bb9b560 (61 bytes)
1669161032.973845 sending message 105 to peer 0x55e89bb9b560 (18 bytes)
1669161032.973849 sending message 105 to peer 0x55e89bb9b560 (53 bytes)
1669161032.973852 sending message 105 to peer 0x55e89bb9b560 (52 bytes)
1669161032.973854 sending message 105 to peer 0x55e89bb9b560 (15 bytes)
1669161032.973858 sending message 105 to peer 0x55e89bb9b560 (87 bytes)
1669161032.973861 sending message 105 to peer 0x55e89bb9b560 (135 bytes)
1669161032.973863 sending message 105 to peer 0x55e89bb9b560 (26 bytes)
1669161032.973867 sending message 105 to peer 0x55e89bb9b560 (26 bytes)
1669161032.973869 sending message 105 to peer 0x55e89bb9b560 (35 bytes)
1669161032.973872 sending message 105 to peer 0x55e89bb9b560 (35 bytes)
1669161032.973875 sending message 105 to peer 0x55e89bb9b560 (45 bytes)
1669161032.973879 sending message 105 to peer 0x55e89bb9b560 (15 bytes)
1669161032.973882 sending message 105 to peer 0x55e89bb9b560 (23 bytes)
1669161032.973885 sending message 105 to peer 0x55e89bb9b560 (65 bytes)
1669161032.973887 sending message 105 to peer 0x55e89bb9b560 (52 bytes)
1669161032.973900 sending message 105 to peer 0x55e89bb9b560 (50 bytes)
1669161032.973903 sending message 105 to peer 0x55e89bb9b560 (47 bytes)
1669161032.973906 sending message 105 to peer 0x55e89bb9b560 (29 bytes)
1669161032.973908 sending message 105 to peer 0x55e89bb9b560 (54 bytes)
1669161032.973911 sending message 105 to peer 0x55e89bb9b560 (15 bytes)
1669161032.973914 sending message 105 to peer 0x55e89bb9b560 (18 bytes)
1669161032.973917 sending message 105 to peer 0x55e89bb9b560 (15 bytes)
1669161032.973919 sending message 105 to peer 0x55e89bb9b560 (17 bytes)
1669161032.973922 sending message 105 to peer 0x55e89bb9b560 (17 bytes)
1669161032.973925 sending message 105 to peer 0x55e89bb9b560 (17 bytes)
1669161032.973928 sending message 105 to peer 0x55e89bb9b560 (14 bytes)
1669161032.973930 sending message 105 to peer 0x55e89bb9b560 (16 bytes)
1669161032.973934 sending message 105 to peer 0x55e89bb9b560 (25 bytes)
1669161032.973937 sending message 105 to peer 0x55e89bb9b560 (23 bytes)
1669161032.973939 sending message 105 to peer 0x55e89bb9b560 (17 bytes)
1669161032.973944 sending message 105 to peer 0x55e89bb9b560 (21 bytes)
1669161032.973947 sending message 105 to peer 0x55e89bb9b560 (47 bytes)
1669161032.973949 sending message 105 to peer 0x55e89bb9b560 (52 bytes)
1669161032.973952 sending message 105 to peer 0x55e89bb9b560 (15 bytes)
1669161032.973955 sending message 105 to peer 0x55e89bb9b560 (14 bytes)
1669161032.973958 sending message 105 to peer 0x55e89bb9b560 (18 bytes)
1669161032.973961 sending message 105 to peer 0x55e89bb9b560 (25 bytes)
1669161032.973964 sending message 105 to peer 0x55e89bb9b560 (27 bytes)
1669161032.973966 sending message 105 to peer 0x55e89bb9b560 (40 bytes)
1669161032.973969 sending message 105 to peer 0x55e89bb9b560 (42 bytes)
1669161032.973972 sending message 105 to peer 0x55e89bb9b560 (50 bytes)
1669161032.973975 sending message 105 to peer 0x55e89bb9b560 (50 bytes)
1669161032.973978 sending message 105 to peer 0x55e89bb9b560 (15 bytes)
1669161032.973981 sending message 105 to peer 0x55e89bb9b560 (17 bytes)
1669161032.973984 sending message 105 to peer 0x55e89bb9b560 (15 bytes)
1669161032.973987 sending message 105 to peer 0x55e89bb9b560 (16 bytes)
1669161032.973989 sending message 105 to peer 0x55e89bb9b560 (36 bytes)
1669161032.973992 sending message 105 to peer 0x55e89bb9b560 (21 bytes)
1669161032.973995 sending message 105 to peer 0x55e89bb9b560 (15 bytes)
1669161032.973997 sending message 105 to peer 0x55e89bb9b560 (23 bytes)
1669161032.974000 sending message 105 to peer 0x55e89bb9b560 (26 bytes)
1669161032.974003 sending message 105 to peer 0x55e89bb9b560 (34 bytes)
1669161032.974006 sending message 105 to peer 0x55e89bb9b560 (41 bytes)
1669161032.974010 sending message 105 to peer 0x55e89bb9b560 (36 bytes)
1669161032.974012 sending message 105 to peer 0x55e89bb9b560 (30 bytes)
1669161032.974015 sending message 105 to peer 0x55e89bb9b560 (31 bytes)
1669161032.974018 sending message 105 to peer 0x55e89bb9b560 (12 bytes)
1669161032.974021 sending message 105 to peer 0x55e89bb9b560 (40 bytes)
1669161032.974024 sending message 105 to peer 0x55e89bb9b560 (15 bytes)
1669161032.974027 sending message 105 to peer 0x55e89bb9b560 (16 bytes)
1669161032.974029 sending message 105 to peer 0x55e89bb9b560 (16 bytes)
1669161032.974032 sending message 105 to peer 0x55e89bb9b560 (36 bytes)
1669161032.974035 sending message 105 to peer 0x55e89bb9b560 (85 bytes)
1669161032.974038 sending message 105 to peer 0x55e89bb9b560 (75 bytes)
1669161032.974041 sending message 105 to peer 0x55e89bb9b560 (16 bytes)
1669161032.974044 sending message 105 to peer 0x55e89bb9b560 (17 bytes)
1669161032.974047 sending message 105 to peer 0x55e89bb9b560 (26 bytes)
1669161032.974049 sending message 105 to peer 0x55e89bb9b560 (26 bytes)
1669161032.974052 sending message 105 to peer 0x55e89bb9b560 (37 bytes)
1669161032.974055 sending message 105 to peer 0x55e89bb9b560 (33 bytes)
1669161032.974058 sending message 105 to peer 0x55e89bb9b560 (418 bytes)
1669161032.974061 sending message 105 to peer 0x55e89bb9b560 (35 bytes)
1669161032.974064 sending message 105 to peer 0x55e89bb9b560 (45 bytes)
1669161032.974067 sending message 105 to peer 0x55e89bb9b560 (72 bytes)
1669161032.974070 sending message 105 to peer 0x55e89bb9b560 (49 bytes)
1669161032.974072 sending message 105 to peer 0x55e89bb9b560 (16 bytes)
1669161032.974075 sending message 105 to peer 0x55e89bb9b560 (16 bytes)
1669161032.974078 sending message 105 to peer 0x55e89bb9b560 (36 bytes)
1669161032.974081 sending message 105 to peer 0x55e89bb9b560 (23 bytes)
1669161032.974084 sending message 105 to peer 0x55e89bb9b560 (30 bytes)
1669161032.974087 sending message 105 to peer 0x55e89bb9b560 (31 bytes)
1669161032.974090 sending message 105 to peer 0x55e89bb9b560 (58 bytes)
1669161032.974093 sending message 105 to peer 0x55e89bb9b560 (24 bytes)
1669161032.974096 sending message 105 to peer 0x55e89bb9b560 (99 bytes)
1669161032.974099 sending message 105 to peer 0x55e89bb9b560 (47 bytes)
1669161032.974101 sending message 105 to peer 0x55e89bb9b560 (49 bytes)
1669161032.974104 sending message 105 to peer 0x55e89bb9b560 (63 bytes)
1669161032.974109 sending message 105 to peer 0x55e89bb9b560 (18 bytes)
1669161032.974111 sending message 105 to peer 0x55e89bb9b560 (15 bytes)
1669161032.974114 sending message 105 to peer 0x55e89bb9b560 (17 bytes)
1669161032.974117 sending message 105 to peer 0x55e89bb9b560 (15 bytes)
1669161032.974120 sending message 105 to peer 0x55e89bb9b560 (22 bytes)
1669161032.974123 sending message 105 to peer 0x55e89bb9b560 (16 bytes)
1669161032.974125 sending message 105 to peer 0x55e89bb9b560 (27 bytes)
1669161032.974128 sending message 105 to peer 0x55e89bb9b560 (41 bytes)
1669161032.974131 sending message 105 to peer 0x55e89bb9b560 (30 bytes)
1669161032.974134 sending message 105 to peer 0x55e89bb9b560 (31 bytes)
1669161032.974136 sending message 105 to peer 0x55e89bb9b560 (11 bytes)
1669161032.974139 sending message 105 to peer 0x55e89bb9b560 (25 bytes)
1669161032.974143 sending message 105 to peer 0x55e89bb9b560 (43 bytes)
1669161032.974145 sending message 105 to peer 0x55e89bb9b560 (15 bytes)
1669161032.974148 sending message 105 to peer 0x55e89bb9b560 (18 bytes)
1669161032.974151 sending message 105 to peer 0x55e89bb9b560 (15 bytes)
1669161032.974154 sending message 105 to peer 0x55e89bb9b560 (14 bytes)
1669161032.974156 sending message 105 to peer 0x55e89bb9b560 (17 bytes)
1669161032.974160 sending message 105 to peer 0x55e89bb9b560 (16 bytes)
1669161032.974163 sending message 105 to peer 0x55e89bb9b560 (84 bytes)
1669161032.974165 sending message 105 to peer 0x55e89bb9b560 (71 bytes)
1669161032.974169 sending message 105 to peer 0x55e89bb9b560 (17 bytes)
1669161032.974172 sending message 105 to peer 0x55e89bb9b560 (20 bytes)
1669161032.974174 sending message 105 to peer 0x55e89bb9b560 (37 bytes)
1669161032.974177 sending message 105 to peer 0x55e89bb9b560 (34 bytes)
1669161032.974180 sending message 105 to peer 0x55e89bb9b560 (29 bytes)
1669161032.974183 sending message 105 to peer 0x55e89bb9b560 (17 bytes)
1669161032.974186 sending message 105 to peer 0x55e89bb9b560 (24 bytes)
1669161032.974188 sending message 105 to peer 0x55e89bb9b560 (17 bytes)
1669161032.974191 sending message 105 to peer 0x55e89bb9b560 (15 bytes)
1669161032.974194 sending message 105 to peer 0x55e89bb9b560 (15 bytes)
1669161032.974196 sending message 105 to peer 0x55e89bb9b560 (14 bytes)
1669161032.974199 sending message 105 to peer 0x55e89bb9b560 (38 bytes)
1669161032.974202 sending message 105 to peer 0x55e89bb9b560 (26 bytes)
1669161032.974205 sending message 105 to peer 0x55e89bb9b560 (24 bytes)
1669161032.974208 sending message 105 to peer 0x55e89bb9b560 (33 bytes)
1669161032.974210 sending message 105 to peer 0x55e89bb9b560 (33 bytes)
1669161032.974213 sending message 105 to peer 0x55e89bb9b560 (37 bytes)
1669161032.974216 sending message 105 to peer 0x55e89bb9b560 (24 bytes)
1669161032.974218 sending message 105 to peer 0x55e89bb9b560 (61 bytes)
1669161032.974221 sending message 105 to peer 0x55e89bb9b560 (42 bytes)
1669161032.974224 sending message 105 to peer 0x55e89bb9b560 (45 bytes)
1669161032.974227 sending message 105 to peer 0x55e89bb9b560 (46 bytes)
1669161032.974229 sending message 105 to peer 0x55e89bb9b560 (71 bytes)
1669161032.974232 sending message 105 to peer 0x55e89bb9b560 (17 bytes)
1669161032.974235 sending message 105 to peer 0x55e89bb9b560 (41 bytes)
1669161032.974239 sending message 105 to peer 0x55e89bb9b560 (524 bytes)
1669161032.974242 sending message 105 to peer 0x55e89bb9b560 (27 bytes)
1669161032.974244 sending message 105 to peer 0x55e89bb9b560 (20 bytes)
1669161032.974247 sending message 105 to peer 0x55e89bb9b560 (21 bytes)
1669161032.974250 sending message 105 to peer 0x55e89bb9b560 (81 bytes)
1669161032.974253 sending message 105 to peer 0x55e89bb9b560 (21 bytes)
1669161032.974256 sending message 105 to peer 0x55e89bb9b560 (20 bytes)
1669161032.974259 sending message 105 to peer 0x55e89bb9b560 (27 bytes)
1669161032.974261 sending message 105 to peer 0x55e89bb9b560 (25 bytes)
1669161032.974264 sending message 105 to peer 0x55e89bb9b560 (37 bytes)
1669161032.974267 sending message 105 to peer 0x55e89bb9b560 (31 bytes)
1669161032.974272 sending message 105 to peer 0x55e89bb9b560 (27 bytes)
1669161032.974274 sending message 105 to peer 0x55e89bb9b560 (47 bytes)
1669161032.974277 sending message 105 to peer 0x55e89bb9b560 (15 bytes)
1669161032.974280 sending message 105 to peer 0x55e89bb9b560 (127 bytes)
1669161032.974283 sending message 105 to peer 0x55e89bb9b560 (15 bytes)
1669161032.974285 sending message 105 to peer 0x55e89bb9b560 (15 bytes)
1669161032.974288 sending message 105 to peer 0x55e89bb9b560 (17 bytes)
1669161032.974291 sending message 105 to peer 0x55e89bb9b560 (55 bytes)
1669161032.974294 sending message 105 to peer 0x55e89bb9b560 (16 bytes)
1669161032.974296 sending message 105 to peer 0x55e89bb9b560 (19 bytes)
1669161032.974300 sending message 105 to peer 0x55e89bb9b560 (18 bytes)
1669161032.974302 sending message 105 to peer 0x55e89bb9b560 (21 bytes)
1669161032.974305 sending message 105 to peer 0x55e89bb9b560 (42 bytes)
1669161032.974308 sending message 105 to peer 0x55e89bb9b560 (32 bytes)
1669161032.974310 sending message 105 to peer 0x55e89bb9b560 (33 bytes)
1669161032.974313 sending message 105 to peer 0x55e89bb9b560 (33 bytes)
1669161032.974316 sending message 105 to peer 0x55e89bb9b560 (46 bytes)
1669161032.974319 sending message 105 to peer 0x55e89bb9b560 (30 bytes)
1669161032.974322 sending message 105 to peer 0x55e89bb9b560 (19 bytes)
1669161032.974324 sending message 105 to peer 0x55e89bb9b560 (48 bytes)
1669161032.974327 sending message 105 to peer 0x55e89bb9b560 (59 bytes)
1669161032.974330 sending message 105 to peer 0x55e89bb9b560 (32 bytes)
1669161032.974332 sending message 105 to peer 0x55e89bb9b560 (19 bytes)
1669161032.974335 sending message 105 to peer 0x55e89bb9b560 (24 bytes)
1669161032.974338 sending message 105 to peer 0x55e89bb9b560 (36 bytes)
1669161032.974341 sending message 105 to peer 0x55e89bb9b560 (19 bytes)
1669161032.974344 sending message 105 to peer 0x55e89bb9b560 (39 bytes)
1669161032.974347 sending message 105 to peer 0x55e89bb9b560 (46 bytes)
1669161032.974349 sending message 105 to peer 0x55e89bb9b560 (52 bytes)
1669161032.974352 sending message 105 to peer 0x55e89bb9b560 (15 bytes)
1669161032.974355 sending message 105 to peer 0x55e89bb9b560 (18 bytes)
1669161032.974357 sending message 105 to peer 0x55e89bb9b560 (15 bytes)
1669161032.974360 sending message 105 to peer 0x55e89bb9b560 (15 bytes)
1669161032.974363 sending message 105 to peer 0x55e89bb9b560 (17 bytes)
1669161032.974365 sending message 105 to peer 0x55e89bb9b560 (16 bytes)
1669161032.974368 sending message 105 to peer 0x55e89bb9b560 (40 bytes)
1669161032.974371 sending message 105 to peer 0x55e89bb9b560 (23 bytes)
1669161032.974374 sending message 105 to peer 0x55e89bb9b560 (52 bytes)
1669161032.974376 sending message 105 to peer 0x55e89bb9b560 (40 bytes)
1669161032.974379 sending message 105 to peer 0x55e89bb9b560 (45 bytes)
1669161032.974382 sending message 105 to peer 0x55e89bb9b560 (52 bytes)
1669161032.974394 sending message 105 to peer 0x55e89bb9b560 (17 bytes)
1669161032.974402 sending message 105 to peer 0x55e89bb9b560 (15 bytes)
1669161032.974405 sending message 105 to peer 0x55e89bb9b560 (71 bytes)
1669161032.974408 sending message 105 to peer 0x55e89bb9b560 (21 bytes)
1669161032.974411 sending message 105 to peer 0x55e89bb9b560 (25 bytes)
1669161032.974413 sending message 105 to peer 0x55e89bb9b560 (31 bytes)
1669161032.974416 sending message 105 to peer 0x55e89bb9b560 (31 bytes)
1669161032.974418 sending message 105 to peer 0x55e89bb9b560 (31 bytes)
1669161032.974421 sending message 105 to peer 0x55e89bb9b560 (51 bytes)
1669161032.974424 sending message 105 to peer 0x55e89bb9b560 (18 bytes)
1669161032.974426 sending message 105 to peer 0x55e89bb9b560 (48 bytes)
1669161032.974429 sending message 105 to peer 0x55e89bb9b560 (49 bytes)
1669161032.974432 sending message 105 to peer 0x55e89bb9b560 (49 bytes)
1669161032.974434 sending message 105 to peer 0x55e89bb9b560 (15 bytes)
1669161032.974437 sending message 105 to peer 0x55e89bb9b560 (18 bytes)
1669161032.974440 sending message 105 to peer 0x55e89bb9b560 (15 bytes)
1669161032.974445 sending message 105 to peer 0x55e89bb9b560 (14 bytes)
1669161032.974447 sending message 105 to peer 0x55e89bb9b560 (30 bytes)
1669161032.974450 sending message 105 to peer 0x55e89bb9b560 (20 bytes)
1669161032.974453 sending message 105 to peer 0x55e89bb9b560 (70 bytes)
1669161032.974456 sending message 105 to peer 0x55e89bb9b560 (20 bytes)
1669161032.974459 sending message 105 to peer 0x55e89bb9b560 (18 bytes)
1669161032.974462 sending message 105 to peer 0x55e89bb9b560 (25 bytes)
1669161032.974464 sending message 105 to peer 0x55e89bb9b560 (33 bytes)
1669161032.974467 sending message 105 to peer 0x55e89bb9b560 (30 bytes)
1669161032.974470 sending message 105 to peer 0x55e89bb9b560 (52 bytes)
1669161032.974472 sending message 105 to peer 0x55e89bb9b560 (11 bytes)
1669161032.974475 sending message 105 to peer 0x55e89bb9b560 (15 bytes)
1669161032.974478 sending message 105 to peer 0x55e89bb9b560 (21 bytes)
1669161032.974480 sending message 105 to peer 0x55e89bb9b560 (33 bytes)
1669161032.974483 sending message 105 to peer 0x55e89bb9b560 (38 bytes)
1669161032.974486 sending message 105 to peer 0x55e89bb9b560 (37 bytes)
1669161032.974489 sending message 105 to peer 0x55e89bb9b560 (52 bytes)
1669161032.974492 sending message 105 to peer 0x55e89bb9b560 (15 bytes)
1669161032.974494 sending message 105 to peer 0x55e89bb9b560 (18 bytes)
1669161032.974497 sending message 105 to peer 0x55e89bb9b560 (36 bytes)
1669161032.974500 sending message 105 to peer 0x55e89bb9b560 (74 bytes)
1669161032.974503 sending message 105 to peer 0x55e89bb9b560 (75 bytes)
1669161032.974505 sending message 105 to peer 0x55e89bb9b560 (40 bytes)
1669161032.974508 sending message 105 to peer 0x55e89bb9b560 (29 bytes)
1669161032.974511 sending message 105 to peer 0x55e89bb9b560 (18 bytes)
1669161032.974513 sending message 105 to peer 0x55e89bb9b560 (26 bytes)
1669161032.974516 sending message 105 to peer 0x55e89bb9b560 (40 bytes)
1669161032.974519 sending message 105 to peer 0x55e89bb9b560 (15 bytes)
1669161032.974521 sending message 105 to peer 0x55e89bb9b560 (18 bytes)
1669161032.974524 sending message 105 to peer 0x55e89bb9b560 (19 bytes)
1669161032.974528 sending message 105 to peer 0x55e89bb9b560 (36 bytes)
1669161032.974530 sending message 105 to peer 0x55e89bb9b560 (74 bytes)
1669161032.974533 sending message 105 to peer 0x55e89bb9b560 (73 bytes)
1669161032.974536 sending message 105 to peer 0x55e89bb9b560 (20 bytes)
1669161032.974538 sending message 105 to peer 0x55e89bb9b560 (25 bytes)
1669161032.974541 sending message 105 to peer 0x55e89bb9b560 (30 bytes)
1669161032.974544 sending message 105 to peer 0x55e89bb9b560 (31 bytes)
1669161032.974546 sending message 105 to peer 0x55e89bb9b560 (71 bytes)
1669161032.974549 sending message 105 to peer 0x55e89bb9b560 (43 bytes)
1669161032.974552 sending message 105 to peer 0x55e89bb9b560 (13 bytes)
1669161032.974555 sending message 105 to peer 0x55e89bb9b560 (18 bytes)
1669161032.974557 sending message 105 to peer 0x55e89bb9b560 (15 bytes)
1669161032.974560 sending message 105 to peer 0x55e89bb9b560 (13 bytes)
1669161032.974563 sending message 105 to peer 0x55e89bb9b560 (22 bytes)
1669161032.974567 sending message 105 to peer 0x55e89bb9b560 (36 bytes)
1669161032.974570 sending message 105 to peer 0x55e89bb9b560 (18 bytes)
1669161032.974573 sending message 105 to peer 0x55e89bb9b560 (34 bytes)
1669161032.974576 sending message 105 to peer 0x55e89bb9b560 (31 bytes)
1669161032.974579 sending message 105 to peer 0x55e89bb9b560 (140 bytes)
1669161032.974582 sending message 105 to peer 0x55e89bb9b560 (128 bytes)
1669161032.974585 sending message 105 to peer 0x55e89bb9b560 (23 bytes)
1669161032.974588 sending message 105 to peer 0x55e89bb9b560 (49 bytes)
1669161032.974590 sending message 105 to peer 0x55e89bb9b560 (68 bytes)
1669161032.974594 sending message 105 to peer 0x55e89bb9b560 (15 bytes)
1669161032.974597 sending message 105 to peer 0x55e89bb9b560 (17 bytes)
1669161032.974599 sending message 105 to peer 0x55e89bb9b560 (22 bytes)
1669161032.974602 sending message 105 to peer 0x55e89bb9b560 (70 bytes)
1669161032.974607 sending message 105 to peer 0x55e89bb9b560 (19 bytes)
1669161032.974609 sending message 105 to peer 0x55e89bb9b560 (22 bytes)
1669161032.974612 sending message 105 to peer 0x55e89bb9b560 (19 bytes)
1669161032.974615 sending message 105 to peer 0x55e89bb9b560 (18 bytes)
1669161032.974617 sending message 105 to peer 0x55e89bb9b560 (25 bytes)
1669161032.974620 sending message 105 to peer 0x55e89bb9b560 (35 bytes)
1669161032.974623 sending message 105 to peer 0x55e89bb9b560 (48 bytes)
1669161032.974626 sending message 105 to peer 0x55e89bb9b560 (23 bytes)
1669161032.974629 sending message 105 to peer 0x55e89bb9b560 (86 bytes)
1669161032.974632 sending message 105 to peer 0x55e89bb9b560 (17 bytes)
1669161032.974634 sending message 105 to peer 0x55e89bb9b560 (13 bytes)
1669161032.974637 sending message 105 to peer 0x55e89bb9b560 (18 bytes)
1669161032.974640 sending message 105 to peer 0x55e89bb9b560 (37 bytes)
1669161032.974643 sending message 105 to peer 0x55e89bb9b560 (52 bytes)
1669161032.974646 sending message 105 to peer 0x55e89bb9b560 (22 bytes)
1669161032.974649 sending message 105 to peer 0x55e89bb9b560 (16 bytes)
1669161032.974652 sending message 105 to peer 0x55e89bb9b560 (18 bytes)
1669161032.974654 sending message 105 to peer 0x55e89bb9b560 (45 bytes)
1669161032.974657 sending message 105 to peer 0x55e89bb9b560 (32 bytes)
1669161032.974660 sending message 105 to peer 0x55e89bb9b560 (369 bytes)
1669161032.974664 sending message 105 to peer 0x55e89bb9b560 (52 bytes)
1669161032.974667 sending message 105 to peer 0x55e89bb9b560 (18 bytes)
1669161032.974670 sending message 105 to peer 0x55e89bb9b560 (37 bytes)
1669161032.974673 sending message 105 to peer 0x55e89bb9b560 (25 bytes)
1669161032.974676 sending message 105 to peer 0x55e89bb9b560 (31 bytes)
1669161032.974679 sending message 105 to peer 0x55e89bb9b560 (42 bytes)
1669161032.974681 sending message 105 to peer 0x55e89bb9b560 (30 bytes)
1669161032.974684 sending message 105 to peer 0x55e89bb9b560 (31 bytes)
1669161032.974687 sending message 105 to peer 0x55e89bb9b560 (12 bytes)
1669161032.974690 sending message 105 to peer 0x55e89bb9b560 (16 bytes)
1669161032.974692 sending message 105 to peer 0x55e89bb9b560 (37 bytes)
1669161032.974695 sending message 105 to peer 0x55e89bb9b560 (164 bytes)
1669161032.974698 sending message 105 to peer 0x55e89bb9b560 (24 bytes)
1669161032.974701 sending message 105 to peer 0x55e89bb9b560 (32 bytes)
1669161032.974704 sending message 105 to peer 0x55e89bb9b560 (30 bytes)
1669161032.974707 sending message 105 to peer 0x55e89bb9b560 (22 bytes)
1669161032.974710 sending message 105 to peer 0x55e89bb9b560 (22 bytes)
1669161032.974712 sending message 105 to peer 0x55e89bb9b560 (21 bytes)
1669161032.974716 sending message 105 to peer 0x55e89bb9b560 (28 bytes)
1669161032.974719 sending message 105 to peer 0x55e89bb9b560 (18 bytes)
1669161032.974722 sending message 105 to peer 0x55e89bb9b560 (97 bytes)
1669161032.974725 sending message 105 to peer 0x55e89bb9b560 (22 bytes)
1669161032.974728 sending message 105 to peer 0x55e89bb9b560 (29 bytes)
1669161032.974731 sending message 105 to peer 0x55e89bb9b560 (16 bytes)
1669161032.974734 sending message 105 to peer 0x55e89bb9b560 (77 bytes)
1669161032.974736 sending message 105 to peer 0x55e89bb9b560 (90 bytes)
1669161032.974739 sending message 105 to peer 0x55e89bb9b560 (92 bytes)
1669161032.974742 sending message 105 to peer 0x55e89bb9b560 (40 bytes)
1669161032.974745 sending message 105 to peer 0x55e89bb9b560 (33 bytes)
1669161032.974748 sending message 105 to peer 0x55e89bb9b560 (16 bytes)
1669161032.974751 sending message 105 to peer 0x55e89bb9b560 (10 bytes)
1669161032.974754 sending message 105 to peer 0x55e89bb9b560 (26 bytes)
1669161032.974757 sending message 105 to peer 0x55e89bb9b560 (28 bytes)
1669161032.974760 sending message 105 to peer 0x55e89bb9b560 (27 bytes)
1669161032.974762 sending message 105 to peer 0x55e89bb9b560 (29 bytes)
1669161032.974766 sending message 105 to peer 0x55e89bb9b560 (44 bytes)
1669161032.974771 sending message 105 to peer 0x55e89bb9b560 (16 bytes)
1669161032.974774 sending message 105 to peer 0x55e89bb9b560 (13 bytes)
1669161032.974777 sending message 105 to peer 0x55e89bb9b560 (12 bytes)
1669161032.974780 sending message 105 to peer 0x55e89bb9b560 (14 bytes)
1669161032.974782 sending message 105 to peer 0x55e89bb9b560 (14 bytes)
1669161032.974786 sending message 105 to peer 0x55e89bb9b560 (13 bytes)
1669161032.974788 sending message 105 to peer 0x55e89bb9b560 (13 bytes)
1669161032.974791 sending message 105 to peer 0x55e89bb9b560 (12 bytes)
1669161032.974795 sending message 105 to peer 0x55e89bb9b560 (11 bytes)
1669161032.974797 sending message 105 to peer 0x55e89bb9b560 (20 bytes)
1669161032.974800 sending message 105 to peer 0x55e89bb9b560 (49 bytes)
1669161032.974803 sending message 105 to peer 0x55e89bb9b560 (48 bytes)
1669161032.974806 sending message 105 to peer 0x55e89bb9b560 (48 bytes)
1669161032.974809 sending message 105 to peer 0x55e89bb9b560 (40 bytes)
1669161032.974812 sending message 105 to peer 0x55e89bb9b560 (40 bytes)
1669161032.974815 sending message 105 to peer 0x55e89bb9b560 (41 bytes)
1669161032.974818 sending message 105 to peer 0x55e89bb9b560 (40 bytes)
1669161032.974821 sending message 105 to peer 0x55e89bb9b560 (41 bytes)
1669161032.974824 sending message 105 to peer 0x55e89bb9b560 (31 bytes)
1669161032.974827 sending message 105 to peer 0x55e89bb9b560 (43 bytes)
1669161032.974830 sending message 105 to peer 0x55e89bb9b560 (34 bytes)
1669161032.974832 sending message 105 to peer 0x55e89bb9b560 (36 bytes)
1669161032.974835 sending message 105 to peer 0x55e89bb9b560 (31 bytes)
1669161032.974838 sending message 105 to peer 0x55e89bb9b560 (43 bytes)
1669161032.974841 sending message 105 to peer 0x55e89bb9b560 (50 bytes)
1669161032.974844 sending message 105 to peer 0x55e89bb9b560 (38 bytes)
1669161032.974847 sending message 105 to peer 0x55e89bb9b560 (33 bytes)
1669161032.974850 sending message 105 to peer 0x55e89bb9b560 (35 bytes)
1669161032.974853 sending message 105 to peer 0x55e89bb9b560 (37 bytes)
1669161032.974856 sending message 105 to peer 0x55e89bb9b560 (37 bytes)
1669161032.974859 sending message 105 to peer 0x55e89bb9b560 (37 bytes)
1669161032.974862 sending message 105 to peer 0x55e89bb9b560 (37 bytes)
1669161032.974865 sending message 105 to peer 0x55e89bb9b560 (38 bytes)
1669161032.974868 sending message 105 to peer 0x55e89bb9b560 (36 bytes)
1669161032.974871 sending message 105 to peer 0x55e89bb9b560 (38 bytes)
1669161032.974874 sending message 105 to peer 0x55e89bb9b560 (35 bytes)
1669161032.974876 sending message 105 to peer 0x55e89bb9b560 (41 bytes)
1669161032.974880 sending message 105 to peer 0x55e89bb9b560 (43 bytes)
1669161032.974883 sending message 105 to peer 0x55e89bb9b560 (32 bytes)
1669161032.974886 sending message 105 to peer 0x55e89bb9b560 (38 bytes)
1669161032.974889 sending message 105 to peer 0x55e89bb9b560 (40 bytes)
1669161032.974892 sending message 105 to peer 0x55e89bb9b560 (32 bytes)
1669161032.974895 sending message 105 to peer 0x55e89bb9b560 (40 bytes)
1669161032.974898 sending message 105 to peer 0x55e89bb9b560 (40 bytes)
1669161032.974901 sending message 105 to peer 0x55e89bb9b560 (31 bytes)
1669161032.974904 sending message 105 to peer 0x55e89bb9b560 (41 bytes)
1669161032.974907 sending message 105 to peer 0x55e89bb9b560 (34 bytes)
1669161032.974910 sending message 105 to peer 0x55e89bb9b560 (30 bytes)
1669161032.974912 sending message 105 to peer 0x55e89bb9b560 (38 bytes)
1669161032.974915 sending message 105 to peer 0x55e89bb9b560 (39 bytes)
1669161032.974918 sending message 105 to peer 0x55e89bb9b560 (48 bytes)
1669161032.974921 sending message 105 to peer 0x55e89bb9b560 (49 bytes)
1669161032.974924 sending message 105 to peer 0x55e89bb9b560 (41 bytes)
1669161032.974926 sending message 105 to peer 0x55e89bb9b560 (42 bytes)
1669161032.974929 sending message 105 to peer 0x55e89bb9b560 (37 bytes)
1669161032.974932 sending message 105 to peer 0x55e89bb9b560 (38 bytes)
1669161032.974935 sending message 105 to peer 0x55e89bb9b560 (47 bytes)
1669161032.974940 sending message 105 to peer 0x55e89bb9b560 (48 bytes)
1669161032.974943 sending message 105 to peer 0x55e89bb9b560 (41 bytes)
1669161032.974949 sending message 105 to peer 0x55e89bb9b560 (47 bytes)
1669161032.974952 sending message 105 to peer 0x55e89bb9b560 (49 bytes)
1669161032.974955 sending message 105 to peer 0x55e89bb9b560 (33 bytes)
1669161032.974958 sending message 105 to peer 0x55e89bb9b560 (43 bytes)
1669161032.974961 sending message 105 to peer 0x55e89bb9b560 (44 bytes)
1669161032.974964 sending message 105 to peer 0x55e89bb9b560 (42 bytes)
1669161032.974967 sending message 105 to peer 0x55e89bb9b560 (42 bytes)
1669161032.974971 sending message 105 to peer 0x55e89bb9b560 (42 bytes)
1669161032.974975 sending message 105 to peer 0x55e89bb9b560 (42 bytes)
1669161032.974978 sending message 105 to peer 0x55e89bb9b560 (41 bytes)
1669161032.974982 sending message 105 to peer 0x55e89bb9b560 (41 bytes)
1669161032.974987 sending message 105 to peer 0x55e89bb9b560 (40 bytes)
1669161032.974991 sending message 105 to peer 0x55e89bb9b560 (39 bytes)
1669161032.974995 sending message 105 to peer 0x55e89bb9b560 (40 bytes)
1669161032.974998 sending message 105 to peer 0x55e89bb9b560 (41 bytes)
1669161032.975001 sending message 105 to peer 0x55e89bb9b560 (41 bytes)
1669161032.975004 sending message 105 to peer 0x55e89bb9b560 (41 bytes)
1669161032.975007 sending message 105 to peer 0x55e89bb9b560 (40 bytes)
1669161032.975010 sending message 105 to peer 0x55e89bb9b560 (41 bytes)
1669161032.975013 sending message 105 to peer 0x55e89bb9b560 (41 bytes)
1669161032.975015 sending message 105 to peer 0x55e89bb9b560 (41 bytes)
1669161032.975018 sending message 105 to peer 0x55e89bb9b560 (43 bytes)
1669161032.975021 sending message 105 to peer 0x55e89bb9b560 (43 bytes)
1669161032.975024 sending message 105 to peer 0x55e89bb9b560 (36 bytes)
1669161032.975027 sending message 105 to peer 0x55e89bb9b560 (18 bytes)
1669161032.975030 sending message 105 to peer 0x55e89bb9b560 (47 bytes)
1669161032.975033 sending message 105 to peer 0x55e89bb9b560 (25 bytes)
1669161032.975037 sending message 105 to peer 0x55e89bb9b560 (24 bytes)
1669161032.975040 sending message 105 to peer 0x55e89bb9b560 (29 bytes)
1669161032.975043 sending message 105 to peer 0x55e89bb9b560 (35 bytes)
1669161032.975046 sending message 105 to peer 0x55e89bb9b560 (8 bytes)
1669161032.975049 sending message 105 to peer 0x55e89bb9b560 (32 bytes)
1669161032.975052 sending message 105 to peer 0x55e89bb9b560 (19 bytes)
1669161032.975055 sending message 105 to peer 0x55e89bb9b560 (20 bytes)
1669161032.975058 sending message 105 to peer 0x55e89bb9b560 (11 bytes)
1669161032.975061 sending message 105 to peer 0x55e89bb9b560 (63 bytes)
1669161032.975064 sending message 105 to peer 0x55e89bb9b560 (43 bytes)
1669161032.975067 sending message 105 to peer 0x55e89bb9b560 (20 bytes)
1669161032.975070 sending message 105 to peer 0x55e89bb9b560 (28 bytes)
1669161032.975073 sending message 105 to peer 0x55e89bb9b560 (20 bytes)
1669161032.975076 sending message 105 to peer 0x55e89bb9b560 (73 bytes)
1669161032.975078 sending message 105 to peer 0x55e89bb9b560 (45 bytes)
1669161032.975082 sending message 105 to peer 0x55e89bb9b560 (63 bytes)
1669161032.975085 sending message 105 to peer 0x55e89bb9b560 (90 bytes)
1669161032.975088 sending message 105 to peer 0x55e89bb9b560 (64 bytes)
1669161032.975091 sending message 105 to peer 0x55e89bb9b560 (19 bytes)
1669161032.975094 sending message 105 to peer 0x55e89bb9b560 (22 bytes)
1669161032.975096 sending message 105 to peer 0x55e89bb9b560 (27 bytes)
1669161032.975100 sending message 105 to peer 0x55e89bb9b560 (17 bytes)
1669161032.975102 sending message 105 to peer 0x55e89bb9b560 (13 bytes)
1669161032.975106 sending message 105 to peer 0x55e89bb9b560 (8 bytes)
1669161032.975109 sending message 105 to peer 0x55e89bb9b560 (17 bytes)
1669161032.975112 sending message 105 to peer 0x55e89bb9b560 (13 bytes)
1669161032.975115 sending message 105 to peer 0x55e89bb9b560 (8 bytes)
1669161032.975118 sending message 105 to peer 0x55e89bb9b560 (17 bytes)
1669161032.975123 sending message 105 to peer 0x55e89bb9b560 (13 bytes)
1669161032.975126 sending message 105 to peer 0x55e89bb9b560 (8 bytes)
1669161032.975129 sending message 105 to peer 0x55e89bb9b560 (17 bytes)
1669161032.975132 sending message 105 to peer 0x55e89bb9b560 (13 bytes)
1669161032.975135 sending message 105 to peer 0x55e89bb9b560 (8 bytes)
1669161032.975138 sending message 105 to peer 0x55e89bb9b560 (17 bytes)
1669161032.975141 sending message 105 to peer 0x55e89bb9b560 (13 bytes)
1669161032.975144 sending message 105 to peer 0x55e89bb9b560 (8 bytes)
1669161032.975146 sending message 105 to peer 0x55e89bb9b560 (17 bytes)
1669161032.975149 sending message 105 to peer 0x55e89bb9b560 (13 bytes)
1669161032.975152 sending message 105 to peer 0x55e89bb9b560 (8 bytes)
1669161032.975155 sending message 105 to peer 0x55e89bb9b560 (17 bytes)
1669161032.975158 sending message 105 to peer 0x55e89bb9b560 (13 bytes)
1669161032.975161 sending message 105 to peer 0x55e89bb9b560 (8 bytes)
1669161032.975164 sending message 105 to peer 0x55e89bb9b560 (17 bytes)
1669161032.975166 sending message 105 to peer 0x55e89bb9b560 (13 bytes)
1669161032.975169 sending message 105 to peer 0x55e89bb9b560 (8 bytes)
1669161032.975172 sending message 105 to peer 0x55e89bb9b560 (17 bytes)
1669161032.975175 sending message 105 to peer 0x55e89bb9b560 (13 bytes)
1669161032.975178 sending message 105 to peer 0x55e89bb9b560 (8 bytes)
1669161032.975181 sending message 105 to peer 0x55e89bb9b560 (17 bytes)
1669161032.975184 sending message 105 to peer 0x55e89bb9b560 (9 bytes)
1669161032.975187 sending message 105 to peer 0x55e89bb9b560 (14 bytes)
1669161032.975190 sending message 105 to peer 0x55e89bb9b560 (18 bytes)
1669161032.975193 sending message 105 to peer 0x55e89bb9b560 (14 bytes)
1669161032.975196 sending message 105 to peer 0x55e89bb9b560 (17 bytes)
1669161032.975199 sending message 105 to peer 0x55e89bb9b560 (55 bytes)
1669161032.975202 sending message 105 to peer 0x55e89bb9b560 (14 bytes)
1669161032.975205 sending message 105 to peer 0x55e89bb9b560 (1519 bytes)
1669161032.975208 sending message 105 to peer 0x55e89bb9b560 (17 bytes)
1669161032.975211 sending message 105 to peer 0x55e89bb9b560 (23 bytes)
1669161032.975214 sending message 105 to peer 0x55e89bb9b560 (38 bytes)
1669161032.975217 sending message 105 to peer 0x55e89bb9b560 (120 bytes)
1669161032.975220 sending message 105 to peer 0x55e89bb9b560 (12 bytes)
1669161032.975223 sending message 105 to peer 0x55e89bb9b560 (21 bytes)
1669161032.975226 sending message 105 to peer 0x55e89bb9b560 (39 bytes)
1669161032.975228 sending message 105 to peer 0x55e89bb9b560 (40 bytes)
1669161032.975231 sending message 105 to peer 0x55e89bb9b560 (40 bytes)
1669161032.975235 sending message 105 to peer 0x55e89bb9b560 (55 bytes)
1669161032.975238 sending message 105 to peer 0x55e89bb9b560 (48 bytes)
1669161032.975241 sending message 105 to peer 0x55e89bb9b560 (52 bytes)
1669161032.975244 sending message 105 to peer 0x55e89bb9b560 (57 bytes)
1669161032.975247 sending message 105 to peer 0x55e89bb9b560 (68 bytes)
1669161032.975250 sending message 105 to peer 0x55e89bb9b560 (72 bytes)
1669161032.975253 sending message 105 to peer 0x55e89bb9b560 (37 bytes)
1669161032.975256 sending message 105 to peer 0x55e89bb9b560 (58 bytes)
1669161032.975259 sending message 105 to peer 0x55e89bb9b560 (71 bytes)
1669161032.975261 sending message 105 to peer 0x55e89bb9b560 (71 bytes)
1669161032.975264 sending message 105 to peer 0x55e89bb9b560 (56 bytes)
1669161032.975267 sending message 106 to peer 0x55e89bb9b560 (0 bytes)
1669161032.975273 cmd_pack_argv: argv[0]=new-session
1669161032.975277 cmd_pack_argv: argv[1]=-A
1669161032.975279 cmd_pack_argv: argv[2]=-s
1669161032.975282 cmd_pack_argv: argv[3]=luxcium-io
1669161032.975284 cmd_pack_argv: argv[4]=-c
1669161032.975287 cmd_pack_argv: argv[5]=/home/luxcium/dev/luxcium-projects/luxcium.io
1669161032.975290 sending message 200 to peer 0x55e89bb9b560 (82 bytes)
1669161032.975293 client loop enter
1669161032.982510 peer 0x55e89bb9b560 message 207
1669161032.982557 sending message 208 to peer 0x55e89bb9b560 (0 bytes)
1669161039.460113 peer 0x55e89bb9b560 message 203
1669161039.460127 sending message 205 to peer 0x55e89bb9b560 (0 bytes)
1669161039.460393 peer 0x55e89bb9b560 message 204
1669161039.460402 client loop exit
